<?xml version="1.0" encoding="UTF-8"?>
<testsuite xmlns:xsi="http://www.w3.org/2001/XMLSchema-instance" xsi:noNamespaceSchemaLocation="https://maven.apache.org/surefire/maven-surefire-plugin/xsd/surefire-test-report-3.0.xsd" version="3.0" name="com.example.runner.testNGtestRunner" time="11.674" tests="1" errors="0" skipped="0" failures="0">
  <properties>
[...]
</properties>
  <testcase name="runScenario[&quot;Testcase 1&quot;, &quot;To test my DBB framework&quot;](1)" classname="com.example.runner.testNGtestRunner" time="8.338">
    <system-out><![CDATA[
@MvnFirstFeature @TC_1
Scenario Outline: Testcase 1                                        # src/test/featureFileDirectory/webApp.feature:12
2024-07-29 11:03:31 INFO  Reusables:22 - openBrowser method called
2024-07-29 11:03:31 DEBUG WebDriverManager:227 - Using WebDriverManager 5.9.1
2024-07-29 11:03:32 DEBUG ResolutionCache:156 - Removing resolution chrome=127 from cache (expired on 2024-07-27T11:09:26.000+0530)
2024-07-29 11:03:32 DEBUG InternalHttpClient:164 - ex-0000000001 preparing request execution
2024-07-29 11:03:32 DEBUG ProtocolExec:181 - ex-0000000001 target auth state: UNCHALLENGED
2024-07-29 11:03:32 DEBUG ProtocolExec:187 - ex-0000000001 proxy auth state: UNCHALLENGED
2024-07-29 11:03:32 DEBUG ConnectExec:123 - ex-0000000001 acquiring connection with route {s}->https://raw.githubusercontent.com:443
2024-07-29 11:03:32 DEBUG InternalHttpClient:101 - ex-0000000001 acquiring endpoint (3 MINUTES)
2024-07-29 11:03:32 DEBUG PoolingHttpClientConnectionManager:296 - ex-0000000001 endpoint lease request (3 MINUTES) [route: {s}->https://raw.githubusercontent.com:443][total available: 0; route allocated: 0 of 5; total allocated: 0 of 25]
2024-07-29 11:03:32 DEBUG PoolingHttpClientConnectionManager:318 - ex-0000000001 endpoint leased [route: {s}->https://raw.githubusercontent.com:443][total available: 0; route allocated: 1 of 5; total allocated: 1 of 25]
2024-07-29 11:03:32 DEBUG PoolingHttpClientConnectionManager:360 - ex-0000000001 acquired ep-0000000001
2024-07-29 11:03:32 DEBUG InternalHttpClient:116 - ex-0000000001 acquired endpoint ep-0000000001
2024-07-29 11:03:32 DEBUG ConnectExec:130 - ex-0000000001 opening connection {s}->https://raw.githubusercontent.com:443
2024-07-29 11:03:32 DEBUG InternalHttpClient:160 - ep-0000000001 connecting endpoint (null)
2024-07-29 11:03:32 DEBUG PoolingHttpClientConnectionManager:444 - ep-0000000001 connecting endpoint to https://raw.githubusercontent.com:443 (30 SECONDS)
2024-07-29 11:03:32 DEBUG DefaultHttpClientConnectionOperator:138 - raw.githubusercontent.com resolving remote address
2024-07-29 11:03:32 DEBUG DefaultHttpClientConnectionOperator:144 - raw.githubusercontent.com resolved to [raw.githubusercontent.com/185.199.109.133, raw.githubusercontent.com/185.199.108.133, raw.githubusercontent.com/185.199.110.133, raw.githubusercontent.com/185.199.111.133, raw.githubusercontent.com/2606:50c0:8002:0:0:0:0:154, raw.githubusercontent.com/2606:50c0:8001:0:0:0:0:154, raw.githubusercontent.com/2606:50c0:8000:0:0:0:0:154, raw.githubusercontent.com/2606:50c0:8003:0:0:0:0:154]
2024-07-29 11:03:32 DEBUG DefaultHttpClientConnectionOperator:177 - raw.githubusercontent.com:443 connecting null->raw.githubusercontent.com/185.199.109.133:443 (30 SECONDS)
2024-07-29 11:03:32 DEBUG SSLConnectionSocketFactory:226 - Connecting socket to raw.githubusercontent.com/185.199.109.133:443 with timeout 30 SECONDS
2024-07-29 11:03:32 DEBUG SSLConnectionSocketFactory:299 - Enabled protocols: [TLSv1.3, TLSv1.2]
2024-07-29 11:03:32 DEBUG SSLConnectionSocketFactory:300 - Enabled cipher suites: [TLS_AES_256_GCM_SHA384, TLS_AES_128_GCM_SHA256, TLS_CHACHA20_POLY1305_SHA256, TLS_ECDHE_ECDSA_WITH_AES_256_GCM_SHA384, TLS_ECDHE_ECDSA_WITH_AES_128_GCM_SHA256, TLS_ECDHE_ECDSA_WITH_CHACHA20_POLY1305_SHA256, TLS_ECDHE_RSA_WITH_AES_256_GCM_SHA384, TLS_ECDHE_RSA_WITH_CHACHA20_POLY1305_SHA256, TLS_ECDHE_RSA_WITH_AES_128_GCM_SHA256, TLS_DHE_RSA_WITH_AES_256_GCM_SHA384, TLS_DHE_RSA_WITH_CHACHA20_POLY1305_SHA256, TLS_DHE_DSS_WITH_AES_256_GCM_SHA384, TLS_DHE_RSA_WITH_AES_128_GCM_SHA256, TLS_DHE_DSS_WITH_AES_128_GCM_SHA256, TLS_ECDHE_ECDSA_WITH_AES_256_CBC_SHA384, TLS_ECDHE_RSA_WITH_AES_256_CBC_SHA384, TLS_ECDHE_ECDSA_WITH_AES_128_CBC_SHA256, TLS_ECDHE_RSA_WITH_AES_128_CBC_SHA256, TLS_DHE_RSA_WITH_AES_256_CBC_SHA256, TLS_DHE_DSS_WITH_AES_256_CBC_SHA256, TLS_DHE_RSA_WITH_AES_128_CBC_SHA256, TLS_DHE_DSS_WITH_AES_128_CBC_SHA256, TLS_ECDH_ECDSA_WITH_AES_256_GCM_SHA384, TLS_ECDH_RSA_WITH_AES_256_GCM_SHA384, TLS_ECDH_ECDSA_WITH_AES_128_GCM_SHA256, TLS_ECDH_RSA_WITH_AES_128_GCM_SHA256, TLS_ECDH_ECDSA_WITH_AES_256_CBC_SHA384, TLS_ECDH_RSA_WITH_AES_256_CBC_SHA384, TLS_ECDH_ECDSA_WITH_AES_128_CBC_SHA256, TLS_ECDH_RSA_WITH_AES_128_CBC_SHA256, TLS_ECDHE_ECDSA_WITH_AES_256_CBC_SHA, TLS_ECDHE_RSA_WITH_AES_256_CBC_SHA, TLS_ECDHE_ECDSA_WITH_AES_128_CBC_SHA, TLS_ECDHE_RSA_WITH_AES_128_CBC_SHA, TLS_DHE_RSA_WITH_AES_256_CBC_SHA, TLS_DHE_DSS_WITH_AES_256_CBC_SHA, TLS_DHE_RSA_WITH_AES_128_CBC_SHA, TLS_DHE_DSS_WITH_AES_128_CBC_SHA, TLS_ECDH_ECDSA_WITH_AES_256_CBC_SHA, TLS_ECDH_RSA_WITH_AES_256_CBC_SHA, TLS_ECDH_ECDSA_WITH_AES_128_CBC_SHA, TLS_ECDH_RSA_WITH_AES_128_CBC_SHA, TLS_RSA_WITH_AES_256_GCM_SHA384, TLS_RSA_WITH_AES_128_GCM_SHA256, TLS_RSA_WITH_AES_256_CBC_SHA256, TLS_RSA_WITH_AES_128_CBC_SHA256, TLS_RSA_WITH_AES_256_CBC_SHA, TLS_RSA_WITH_AES_128_CBC_SHA, TLS_EMPTY_RENEGOTIATION_INFO_SCSV]
2024-07-29 11:03:32 DEBUG SSLConnectionSocketFactory:301 - Starting handshake (null)
2024-07-29 11:03:32 DEBUG SSLConnectionSocketFactory:59 - Secure session established
2024-07-29 11:03:32 DEBUG SSLConnectionSocketFactory:60 -  negotiated protocol: TLSv1.3
2024-07-29 11:03:32 DEBUG SSLConnectionSocketFactory:61 -  negotiated cipher suite: TLS_AES_128_GCM_SHA256
2024-07-29 11:03:32 DEBUG SSLConnectionSocketFactory:71 -  peer principal: CN=*.github.io, O="GitHub, Inc.", L=San Francisco, ST=California, C=US
2024-07-29 11:03:32 DEBUG SSLConnectionSocketFactory:80 -  peer alternative names: [*.github.io, github.io, githubusercontent.com, www.github.com, *.github.com, *.githubusercontent.com, github.com]
2024-07-29 11:03:32 DEBUG SSLConnectionSocketFactory:84 -  issuer principal: CN=DigiCert Global G2 TLS RSA SHA256 2020 CA1, O=DigiCert Inc, C=US
2024-07-29 11:03:32 DEBUG DefaultManagedHttpClientConnection:165 - http-outgoing-0 set socket timeout to 3 MINUTES
2024-07-29 11:03:32 DEBUG DefaultHttpClientConnectionOperator:185 - raw.githubusercontent.com:443 connected null->raw.githubusercontent.com/185.199.109.133:443 as http-outgoing-0
2024-07-29 11:03:32 DEBUG PoolingHttpClientConnectionManager:456 - ep-0000000001 connected http-outgoing-0
2024-07-29 11:03:32 DEBUG InternalHttpClient:164 - ep-0000000001 endpoint connected
2024-07-29 11:03:32 DEBUG MainClientExec:107 - ex-0000000001 executing GET /bonigarcia/webdrivermanager/master/src/main/resources/commands.properties HTTP/1.1
2024-07-29 11:03:32 DEBUG RequestAddCookies:129 - ex-0000000001 Cookie spec selected: strict
2024-07-29 11:03:32 DEBUG InternalHttpClient:214 - ep-0000000001 start execution ex-0000000001
2024-07-29 11:03:32 DEBUG PoolingHttpClientConnectionManager:710 - ep-0000000001 executing exchange ex-0000000001 over http-outgoing-0
2024-07-29 11:03:32 DEBUG headers:200 - http-outgoing-0 >> GET /bonigarcia/webdrivermanager/master/src/main/resources/commands.properties HTTP/1.1
2024-07-29 11:03:32 DEBUG headers:203 - http-outgoing-0 >> user-agent: Apache-HttpClient/5.0
2024-07-29 11:03:32 DEBUG headers:203 - http-outgoing-0 >> accept-encoding: gzip, deflate, br
2024-07-29 11:03:32 DEBUG headers:203 - http-outgoing-0 >> cache-control: max-age=0
2024-07-29 11:03:32 DEBUG headers:203 - http-outgoing-0 >> connection: keep-alive
2024-07-29 11:03:32 DEBUG headers:203 - http-outgoing-0 >> Host: raw.githubusercontent.com
2024-07-29 11:03:32 DEBUG wire:92 - http-outgoing-0 >> "GET /bonigarcia/webdrivermanager/master/src/main/resources/commands.properties HTTP/1.1[\r][\n]"
2024-07-29 11:03:32 DEBUG wire:92 - http-outgoing-0 >> "user-agent: Apache-HttpClient/5.0[\r][\n]"
2024-07-29 11:03:32 DEBUG wire:92 - http-outgoing-0 >> "accept-encoding: gzip, deflate, br[\r][\n]"
2024-07-29 11:03:32 DEBUG wire:92 - http-outgoing-0 >> "cache-control: max-age=0[\r][\n]"
2024-07-29 11:03:32 DEBUG wire:92 - http-outgoing-0 >> "connection: keep-alive[\r][\n]"
2024-07-29 11:03:32 DEBUG wire:92 - http-outgoing-0 >> "Host: raw.githubusercontent.com[\r][\n]"
2024-07-29 11:03:32 DEBUG wire:92 - http-outgoing-0 >> "[\r][\n]"
2024-07-29 11:03:32 DEBUG wire:92 - http-outgoing-0 << "HTTP/1.1 200 OK[\r][\n]"
2024-07-29 11:03:32 DEBUG wire:92 - http-outgoing-0 << "Connection: keep-alive[\r][\n]"
2024-07-29 11:03:32 DEBUG wire:92 - http-outgoing-0 << "Content-Length: 745[\r][\n]"
2024-07-29 11:03:32 DEBUG wire:92 - http-outgoing-0 << "Cache-Control: max-age=300[\r][\n]"
2024-07-29 11:03:32 DEBUG wire:92 - http-outgoing-0 << "Content-Security-Policy: default-src 'none'; style-src 'unsafe-inline'; sandbox[\r][\n]"
2024-07-29 11:03:32 DEBUG wire:92 - http-outgoing-0 << "Content-Type: text/plain; charset=utf-8[\r][\n]"
2024-07-29 11:03:32 DEBUG wire:92 - http-outgoing-0 << "ETag: W/"dd41edff335272162022217759820159dac501cff56850e2510f504462cd9b5f"[\r][\n]"
2024-07-29 11:03:32 DEBUG wire:92 - http-outgoing-0 << "Strict-Transport-Security: max-age=31536000[\r][\n]"
2024-07-29 11:03:32 DEBUG wire:92 - http-outgoing-0 << "X-Content-Type-Options: nosniff[\r][\n]"
2024-07-29 11:03:32 DEBUG wire:92 - http-outgoing-0 << "X-Frame-Options: deny[\r][\n]"
2024-07-29 11:03:32 DEBUG wire:92 - http-outgoing-0 << "X-XSS-Protection: 1; mode=block[\r][\n]"
2024-07-29 11:03:32 DEBUG wire:92 - http-outgoing-0 << "X-GitHub-Request-Id: 438C:212CDD:290FF:3A640:66A03C7B[\r][\n]"
2024-07-29 11:03:32 DEBUG wire:92 - http-outgoing-0 << "Content-Encoding: gzip[\r][\n]"
2024-07-29 11:03:32 DEBUG wire:92 - http-outgoing-0 << "Accept-Ranges: bytes[\r][\n]"
2024-07-29 11:03:32 DEBUG wire:92 - http-outgoing-0 << "Date: Mon, 29 Jul 2024 05:33:31 GMT[\r][\n]"
2024-07-29 11:03:32 DEBUG wire:92 - http-outgoing-0 << "Via: 1.1 varnish[\r][\n]"
2024-07-29 11:03:32 DEBUG wire:92 - http-outgoing-0 << "X-Served-By: cache-bom4741-BOM[\r][\n]"
2024-07-29 11:03:32 DEBUG wire:92 - http-outgoing-0 << "X-Cache: HIT[\r][\n]"
2024-07-29 11:03:32 DEBUG wire:92 - http-outgoing-0 << "X-Cache-Hits: 5[\r][\n]"
2024-07-29 11:03:32 DEBUG wire:92 - http-outgoing-0 << "X-Timer: S1722231212.886996,VS0,VE0[\r][\n]"
2024-07-29 11:03:32 DEBUG wire:92 - http-outgoing-0 << "Vary: Authorization,Accept-Encoding,Origin[\r][\n]"
2024-07-29 11:03:32 DEBUG wire:92 - http-outgoing-0 << "Access-Control-Allow-Origin: *[\r][\n]"
2024-07-29 11:03:32 DEBUG wire:92 - http-outgoing-0 << "Cross-Origin-Resource-Policy: cross-origin[\r][\n]"
2024-07-29 11:03:32 DEBUG wire:92 - http-outgoing-0 << "X-Fastly-Request-ID: c415e97d07be848be6f02b73e2a9344d4074de7d[\r][\n]"
2024-07-29 11:03:32 DEBUG wire:92 - http-outgoing-0 << "Expires: Mon, 29 Jul 2024 05:38:31 GMT[\r][\n]"
2024-07-29 11:03:32 DEBUG wire:92 - http-outgoing-0 << "Source-Age: 227[\r][\n]"
2024-07-29 11:03:32 DEBUG wire:92 - http-outgoing-0 << "[\r][\n]"
2024-07-29 11:03:32 DEBUG headers:189 - http-outgoing-0 << HTTP/1.1 200 OK
2024-07-29 11:03:32 DEBUG headers:192 - http-outgoing-0 << Connection: keep-alive
2024-07-29 11:03:32 DEBUG headers:192 - http-outgoing-0 << Content-Length: 745
2024-07-29 11:03:32 DEBUG headers:192 - http-outgoing-0 << Cache-Control: max-age=300
2024-07-29 11:03:32 DEBUG headers:192 - http-outgoing-0 << Content-Security-Policy: default-src 'none'; style-src 'unsafe-inline'; sandbox
2024-07-29 11:03:32 DEBUG headers:192 - http-outgoing-0 << Content-Type: text/plain; charset=utf-8
2024-07-29 11:03:32 DEBUG headers:192 - http-outgoing-0 << ETag: W/"dd41edff335272162022217759820159dac501cff56850e2510f504462cd9b5f"
2024-07-29 11:03:32 DEBUG headers:192 - http-outgoing-0 << Strict-Transport-Security: max-age=31536000
2024-07-29 11:03:32 DEBUG headers:192 - http-outgoing-0 << X-Content-Type-Options: nosniff
2024-07-29 11:03:32 DEBUG headers:192 - http-outgoing-0 << X-Frame-Options: deny
2024-07-29 11:03:32 DEBUG headers:192 - http-outgoing-0 << X-XSS-Protection: 1; mode=block
2024-07-29 11:03:32 DEBUG headers:192 - http-outgoing-0 << X-GitHub-Request-Id: 438C:212CDD:290FF:3A640:66A03C7B
2024-07-29 11:03:32 DEBUG headers:192 - http-outgoing-0 << Content-Encoding: gzip
2024-07-29 11:03:32 DEBUG headers:192 - http-outgoing-0 << Accept-Ranges: bytes
2024-07-29 11:03:32 DEBUG headers:192 - http-outgoing-0 << Date: Mon, 29 Jul 2024 05:33:31 GMT
2024-07-29 11:03:32 DEBUG headers:192 - http-outgoing-0 << Via: 1.1 varnish
2024-07-29 11:03:32 DEBUG headers:192 - http-outgoing-0 << X-Served-By: cache-bom4741-BOM
2024-07-29 11:03:32 DEBUG headers:192 - http-outgoing-0 << X-Cache: HIT
2024-07-29 11:03:32 DEBUG headers:192 - http-outgoing-0 << X-Cache-Hits: 5
2024-07-29 11:03:32 DEBUG headers:192 - http-outgoing-0 << X-Timer: S1722231212.886996,VS0,VE0
2024-07-29 11:03:32 DEBUG headers:192 - http-outgoing-0 << Vary: Authorization,Accept-Encoding,Origin
2024-07-29 11:03:32 DEBUG headers:192 - http-outgoing-0 << Access-Control-Allow-Origin: *
2024-07-29 11:03:32 DEBUG headers:192 - http-outgoing-0 << Cross-Origin-Resource-Policy: cross-origin
2024-07-29 11:03:32 DEBUG headers:192 - http-outgoing-0 << X-Fastly-Request-ID: c415e97d07be848be6f02b73e2a9344d4074de7d
2024-07-29 11:03:32 DEBUG headers:192 - http-outgoing-0 << Expires: Mon, 29 Jul 2024 05:38:31 GMT
2024-07-29 11:03:32 DEBUG headers:192 - http-outgoing-0 << Source-Age: 227
2024-07-29 11:03:32 DEBUG MainClientExec:138 - ex-0000000001 connection can be kept alive for 3 MINUTES
2024-07-29 11:03:32 DEBUG wire:92 - http-outgoing-0 << "[0x1f][0xffffff8b][0x8][0x0][0x0][0x0][0x0][0x0][0x0][0x3][0xffffffb5]W]o[0xffffffda]0[0x14]}[0xffffffe7]W\QUj% [0x1b][0xffffffad][0xffffffa6]i[0x12][0xf]4c[0xffffffdd]4*[0x18][0xffffffb4][0xffffffdd]&[0xfffffff9][0xffffffc5]$N[0xffffffb0][0xffffff94][0xffffffd8][0xffffffc8]NJ[0xffffffb7]_?[0xffffffdb][0xfffffff9]X[0xffffff92]:[0xffffffa3]k[0xffffffe8][0x1b][0xffffffb6][0xffffffef]=[0xffffffe7][0xffffffd8][0xfffffff7][0xffffffe4][0xffffffda][0xffffff9c][0xffffff80][0xffffffcb][0xffffffe3][0x18]3_[0xffffff82][0xffffff8f][0x13][0xffffffbc][0xffffffc1][0xffffff92][0xfffffff4]N[0xffffffe0]vK%[0x4]4"[0xffffffe0]q[0xffffff96]`[0xffffffca]$$[=[0xffffffc8]C[0x13][0xe][0x1b][0x2][0xffffffe4][0xffffff91]xiB|[0xffffffa0][0xffffffcc],[0xffffffcb]-[0xffffff89]"=[0xffffffe0][0xffffffc2]'B[0x7][0xfffffff9]$!^b[0x16][0x1f][0xffffff88][0xffffff90][0xffffff94][0xffffffab][0xffffffb5][0x0][0xffffff88][0xfffffffa][0x1d][\n]"
2024-07-29 11:03:32 DEBUG wire:106 - http-outgoing-0 << "B[0x18]l[0x4][0xffffffdf]K[0xffffffb5][0xffffffa0]([0xffffffcf][0xffffffdc][0xffffffad][0xffffffe0]1[0x19][0xffffffc0]'*H[0xffffffc0][0x1f][0x7][0xffffffb0][0xffffffd8][0x11][0xffffff81][0x7]0[0xfffffff3]C5kVi[0x1a][0xffffff9f]k|[0xffffff9f][0x6][0x1][0x11][0xffffff84]%[0xffffffc0]uLBY[0x8][0xfffffff2][0xffffff97]LH,[0xffffffe1][0xffffffec];e[0xffffffbe]B[0x1d][0xffffffc0][0xffffff9c][0xffffffb2]T[0xffffffc1][0xffffffdc]`[0xf][0x16][0xffffffeb][0xfffffff3][0xffffff9e][0xffffffe2][0xffffffc8](z[0xfffffff9]6F[0xffffff9e][0x19][0xffffff8e][0xfffffff6]Y[0xffffffc2][0xffffffe8][0xffffffcd][0xffffffdb][0xffffff89][0x17][0xfffffffb]#[0xffffffb5]+p\[0xffffffd8][0xffffffc7][0xffffffd4]3Gb[0xffffff8e]a[0xffffffbf]U|[0xffffffc0]pL&[0xfffffffd][0xffffffd3][0xffffffe5]jq[0xffffffbd][0xffffff9a][0xffffffde]|[0xfffffffa]2[0xffffff9f][0xffffffad]?[0xffffffa0][0x9]B[0xffffffa7][0x8]]s[0x1e]F[0x4][0xffffffa1][0xffffff8c][0x2][0xffffffa1][0xffffffe9]n[0x17]QOI[0xffffffe3][0xc][0xffffffa1][0xffffff9c]H![0xfffffff7]!$[0x9][0xffffffdc][0xffffffe7]g[0xffffffe1]<[0xffffffe0](m[0xffffffd7]3~[0xffffff81][0xffffff9e][0xffffffb3][0x1f][0xffffffef][0xffffffdf][0xffffff9d][0xffffffbf][0xffffffa6][0xffffffa8][0xffffff8b]g[0xffffff8a][0xffffff9a]/[0xffffffdc][0xffffffe9]|[0xffffffba]\~[0xffffff9c][0xffffffde]N_S[0xffffffcf][0xffffffe5]d5[0xffffffbb][0xffffff86]ow[0xffffffb3][0xffffffd5]O[0xfffffff8][0xfffffffc][0xffffffd5][0xffffffbd]Ck[0x1e]${,H[0xffffffc1][0xffffff96][0xffffff93]][0xffffffcd][0xffffffaf][0x8][0xfffffff6][0xc]^[0xffffffe1][0xffffffc5]^[0x13]4[0xffffffd2][0xffffff8e][0xffffffd1]>pR)[0xffffff9c][\r]eNh0[0xffffff86][0xffffffd9]:[0xc][0xffffff87]E[0xffffffa6]=q<i[0xffffff8b]o&[0xffffffc4][0xffffffd8]3<[0xffffff95][0x13][0xffffff90]N&8w[0xffffffe9][0x8][0xffffffef]v[0xffffff8e][0xffffffab][0xffffffbe]>es[0xffffffe9]([0x13]/[0xffffffd6][0xfffffff5][0xffffff80]*[0xffffffba][0xfffffff2]v[0xfffffffe][0xffffffd9][0xffffff94]DA6>[0xffffff8e][0xffffffbb]o[0xfffffff8]o[0x1a]E[0xffffffb8] A[0xffffffa8]@?T[0xffffffad]'*:{[0xfffffffa]xR.*[0xffffffce][0xffffffe9][0xffffffd7][0xffffffad][0xffffff93][0xffffff93]4[0xffffffc9][0xfffffffa][0xffffffda]<n*t[0xffffffeb][0xffffffb9]oV[0xffffffb6][0xffffffc0]/M[0xffffff94]O[0xffffffc0][0xfffffff0][0xffffffe1]i[0xffffff90][0xffffffb5][0xfffffffe]9[0xffffff8b][0xffffffad][0xfffffff2]U,Ul[0xffffffdd][0x13]KL[0xffffffa2][0x6][0xffffffdd][0xffffffca]\?`[0xffffffea][0x9].[0xffffffd5]I [0xffffffa4]i[0x1a]_i,[\r][0xffffffdd][0xffffffa1][0xffffffc3][0xffffffae]kzI[0xffffffd1]_Q[0xffffffce]Ek[0xffffffcb][0xfffffff8]Kf[0xffffffb8][0xfffffffe][0xffffffd9]3[0xc][0xffffffe6][0xffffffd3][0xffffff8e][0x11][0x17][0x10]C[0x1d]`i[0x19][0xffffffd5][0xffffffbc][0xfffffff1][0xffffffa4]5[0xffffffbc][0x1e]o[0xfffffff5]K[0xffffffa9][0xffffffd6][0xfffffff8][0xffffffc1]f[0xffffff9b]z[0x4][0xffffffd4][0x1a][0xffffff86][0xffffffb9]^K[0x16]s[0xffffff91][0xfffffffe][0xffffffbf][0xffffff8b]l]~)x(p,[0x11]2[0x14][0x8]E8e[0xffffff9e][0xffffffca]:X[0xffffffa6][0xffffff86][0xffffff88].[0xffffffb6]9[0xffffff9a][0xffffff88].[0xfffffff7]]G[0xffffffea][0xffffffcb][0xe][0xfffffffb][0x7f].u[0xffffff83][0xffffffbb][0xfffffff4][0xffffffb3][0x19][0xffffffda][0xffffffec][0xffffff98][0xffffffc5]Y[0xfffffffd]h8m6\4[0xffffffc1][0xffffff8a][0xffffffb7][0xffffff98]z[0xffffffd0][0xffffffd5]oF5q[0x1c][0x13][0x16][0xfffffff0][0x1d][0x1e][0x19]5-[0xffffff9d][0xffffffef][0xffffffad]c[0xb]z[0xffffffae]/m[0xffffffe6]8[0xffffffb6][0xffffff96][0xfffffff6]7X[0xffffffc9]t[0xfffffff8][0xfffffff9][0xffffffa5][0x11]K[0xfffffffb][0x15]3[0xffffffc3][0xfffffffc][0x1f]B[0xffffffdb][0xffffffd3][0xffffffab][0xffffff92]4.[0xffffff93]Z[0xffffffdf]]:[0xffffffda][0xffffffea][0xffffffdc]B[0xffffffa6][0xffffffcd][0xffffffbc][0xffffffae][0x5][0xfffffff5][0x4][0xffffffd6]8[0xffffffc0][0xffffff82][0xffffff96][0xfffffff0][0xffffffd2][0xc][0xffffffed][0xffffffe0]Y[0xffffffa8][\r]:[[0xffffffa9][0x0][0xffffffff][0x1][0xfffffff8][0x15][0xffffffb4][0xffffffee][0xffffff8e][\r][0x0][0x0]"
2024-07-29 11:03:32 DEBUG InternalHttpClient:256 - ep-0000000001 releasing valid endpoint
2024-07-29 11:03:32 DEBUG PoolingHttpClientConnectionManager:389 - ep-0000000001 releasing endpoint
2024-07-29 11:03:32 DEBUG PoolingHttpClientConnectionManager:408 - ep-0000000001 connection http-outgoing-0 can be kept alive for 3 MINUTES
2024-07-29 11:03:32 DEBUG PoolingHttpClientConnectionManager:421 - ep-0000000001 connection released [route: {s}->https://raw.githubusercontent.com:443][total available: 1; route allocated: 1 of 5; total allocated: 1 of 25]
2024-07-29 11:03:32 DEBUG VersionDetector:237 - Detecting chrome version using online commands.properties
2024-07-29 11:03:32 DEBUG Shell:65 - Running command on the shell: [cmd.exe, /C, wmic, datafile, where, name="%PROGRAMFILES:\=\\%\\Google\\Chrome\\Application\\chrome.exe", get, Version, /value]
2024-07-29 11:03:32 DEBUG Shell:69 - Result: Version=127.0.6533.72
2024-07-29 11:03:32 DEBUG ResolutionCache:156 - Removing resolution chrome127=127.0.6533.72 from cache (expired on 2024-07-28T10:09:26.000+0530)
2024-07-29 11:03:32 DEBUG InternalHttpClient:164 - ex-0000000002 preparing request execution
2024-07-29 11:03:32 DEBUG ProtocolExec:181 - ex-0000000002 target auth state: UNCHALLENGED
2024-07-29 11:03:32 DEBUG ProtocolExec:187 - ex-0000000002 proxy auth state: UNCHALLENGED
2024-07-29 11:03:32 DEBUG ConnectExec:123 - ex-0000000002 acquiring connection with route {s}->https://googlechromelabs.github.io:443
2024-07-29 11:03:32 DEBUG InternalHttpClient:101 - ex-0000000002 acquiring endpoint (3 MINUTES)
2024-07-29 11:03:32 DEBUG PoolingHttpClientConnectionManager:296 - ex-0000000002 endpoint lease request (3 MINUTES) [route: {s}->https://googlechromelabs.github.io:443][total available: 1; route allocated: 0 of 5; total allocated: 1 of 25]
2024-07-29 11:03:32 DEBUG PoolingHttpClientConnectionManager:318 - ex-0000000002 endpoint leased [route: {s}->https://googlechromelabs.github.io:443][total available: 1; route allocated: 1 of 5; total allocated: 2 of 25]
2024-07-29 11:03:32 DEBUG PoolingHttpClientConnectionManager:360 - ex-0000000002 acquired ep-0000000002
2024-07-29 11:03:32 DEBUG InternalHttpClient:116 - ex-0000000002 acquired endpoint ep-0000000002
2024-07-29 11:03:32 DEBUG ConnectExec:130 - ex-0000000002 opening connection {s}->https://googlechromelabs.github.io:443
2024-07-29 11:03:32 DEBUG InternalHttpClient:160 - ep-0000000002 connecting endpoint (null)
2024-07-29 11:03:32 DEBUG PoolingHttpClientConnectionManager:444 - ep-0000000002 connecting endpoint to https://googlechromelabs.github.io:443 (30 SECONDS)
2024-07-29 11:03:32 DEBUG DefaultHttpClientConnectionOperator:138 - googlechromelabs.github.io resolving remote address
2024-07-29 11:03:32 DEBUG DefaultHttpClientConnectionOperator:144 - googlechromelabs.github.io resolved to [googlechromelabs.github.io/185.199.110.153, googlechromelabs.github.io/185.199.111.153, googlechromelabs.github.io/185.199.108.153, googlechromelabs.github.io/185.199.109.153, googlechromelabs.github.io/2606:50c0:8001:0:0:0:0:153, googlechromelabs.github.io/2606:50c0:8003:0:0:0:0:153, googlechromelabs.github.io/2606:50c0:8000:0:0:0:0:153, googlechromelabs.github.io/2606:50c0:8002:0:0:0:0:153]
2024-07-29 11:03:32 DEBUG DefaultHttpClientConnectionOperator:177 - googlechromelabs.github.io:443 connecting null->googlechromelabs.github.io/185.199.110.153:443 (30 SECONDS)
2024-07-29 11:03:32 DEBUG SSLConnectionSocketFactory:226 - Connecting socket to googlechromelabs.github.io/185.199.110.153:443 with timeout 30 SECONDS
2024-07-29 11:03:32 DEBUG SSLConnectionSocketFactory:299 - Enabled protocols: [TLSv1.3, TLSv1.2]
2024-07-29 11:03:32 DEBUG SSLConnectionSocketFactory:300 - Enabled cipher suites: [TLS_AES_256_GCM_SHA384, TLS_AES_128_GCM_SHA256, TLS_CHACHA20_POLY1305_SHA256, TLS_ECDHE_ECDSA_WITH_AES_256_GCM_SHA384, TLS_ECDHE_ECDSA_WITH_AES_128_GCM_SHA256, TLS_ECDHE_ECDSA_WITH_CHACHA20_POLY1305_SHA256, TLS_ECDHE_RSA_WITH_AES_256_GCM_SHA384, TLS_ECDHE_RSA_WITH_CHACHA20_POLY1305_SHA256, TLS_ECDHE_RSA_WITH_AES_128_GCM_SHA256, TLS_DHE_RSA_WITH_AES_256_GCM_SHA384, TLS_DHE_RSA_WITH_CHACHA20_POLY1305_SHA256, TLS_DHE_DSS_WITH_AES_256_GCM_SHA384, TLS_DHE_RSA_WITH_AES_128_GCM_SHA256, TLS_DHE_DSS_WITH_AES_128_GCM_SHA256, TLS_ECDHE_ECDSA_WITH_AES_256_CBC_SHA384, TLS_ECDHE_RSA_WITH_AES_256_CBC_SHA384, TLS_ECDHE_ECDSA_WITH_AES_128_CBC_SHA256, TLS_ECDHE_RSA_WITH_AES_128_CBC_SHA256, TLS_DHE_RSA_WITH_AES_256_CBC_SHA256, TLS_DHE_DSS_WITH_AES_256_CBC_SHA256, TLS_DHE_RSA_WITH_AES_128_CBC_SHA256, TLS_DHE_DSS_WITH_AES_128_CBC_SHA256, TLS_ECDH_ECDSA_WITH_AES_256_GCM_SHA384, TLS_ECDH_RSA_WITH_AES_256_GCM_SHA384, TLS_ECDH_ECDSA_WITH_AES_128_GCM_SHA256, TLS_ECDH_RSA_WITH_AES_128_GCM_SHA256, TLS_ECDH_ECDSA_WITH_AES_256_CBC_SHA384, TLS_ECDH_RSA_WITH_AES_256_CBC_SHA384, TLS_ECDH_ECDSA_WITH_AES_128_CBC_SHA256, TLS_ECDH_RSA_WITH_AES_128_CBC_SHA256, TLS_ECDHE_ECDSA_WITH_AES_256_CBC_SHA, TLS_ECDHE_RSA_WITH_AES_256_CBC_SHA, TLS_ECDHE_ECDSA_WITH_AES_128_CBC_SHA, TLS_ECDHE_RSA_WITH_AES_128_CBC_SHA, TLS_DHE_RSA_WITH_AES_256_CBC_SHA, TLS_DHE_DSS_WITH_AES_256_CBC_SHA, TLS_DHE_RSA_WITH_AES_128_CBC_SHA, TLS_DHE_DSS_WITH_AES_128_CBC_SHA, TLS_ECDH_ECDSA_WITH_AES_256_CBC_SHA, TLS_ECDH_RSA_WITH_AES_256_CBC_SHA, TLS_ECDH_ECDSA_WITH_AES_128_CBC_SHA, TLS_ECDH_RSA_WITH_AES_128_CBC_SHA, TLS_RSA_WITH_AES_256_GCM_SHA384, TLS_RSA_WITH_AES_128_GCM_SHA256, TLS_RSA_WITH_AES_256_CBC_SHA256, TLS_RSA_WITH_AES_128_CBC_SHA256, TLS_RSA_WITH_AES_256_CBC_SHA, TLS_RSA_WITH_AES_128_CBC_SHA, TLS_EMPTY_RENEGOTIATION_INFO_SCSV]
2024-07-29 11:03:32 DEBUG SSLConnectionSocketFactory:301 - Starting handshake (null)
2024-07-29 11:03:32 DEBUG SSLConnectionSocketFactory:59 - Secure session established
2024-07-29 11:03:32 DEBUG SSLConnectionSocketFactory:60 -  negotiated protocol: TLSv1.3
2024-07-29 11:03:32 DEBUG SSLConnectionSocketFactory:61 -  negotiated cipher suite: TLS_AES_128_GCM_SHA256
2024-07-29 11:03:32 DEBUG SSLConnectionSocketFactory:71 -  peer principal: CN=*.github.io, O="GitHub, Inc.", L=San Francisco, ST=California, C=US
2024-07-29 11:03:32 DEBUG SSLConnectionSocketFactory:80 -  peer alternative names: [*.github.io, github.io, githubusercontent.com, www.github.com, *.github.com, *.githubusercontent.com, github.com]
2024-07-29 11:03:32 DEBUG SSLConnectionSocketFactory:84 -  issuer principal: CN=DigiCert Global G2 TLS RSA SHA256 2020 CA1, O=DigiCert Inc, C=US
2024-07-29 11:03:32 DEBUG DefaultManagedHttpClientConnection:165 - http-outgoing-1 set socket timeout to 3 MINUTES
2024-07-29 11:03:32 DEBUG DefaultHttpClientConnectionOperator:185 - googlechromelabs.github.io:443 connected null->googlechromelabs.github.io/185.199.110.153:443 as http-outgoing-1
2024-07-29 11:03:32 DEBUG PoolingHttpClientConnectionManager:456 - ep-0000000002 connected http-outgoing-1
2024-07-29 11:03:32 DEBUG InternalHttpClient:164 - ep-0000000002 endpoint connected
2024-07-29 11:03:32 DEBUG MainClientExec:107 - ex-0000000002 executing GET /chrome-for-testing/known-good-versions-with-downloads.json HTTP/1.1
2024-07-29 11:03:32 DEBUG RequestAddCookies:129 - ex-0000000002 Cookie spec selected: strict
2024-07-29 11:03:32 DEBUG InternalHttpClient:214 - ep-0000000002 start execution ex-0000000002
2024-07-29 11:03:32 DEBUG PoolingHttpClientConnectionManager:710 - ep-0000000002 executing exchange ex-0000000002 over http-outgoing-1
2024-07-29 11:03:32 DEBUG headers:200 - http-outgoing-1 >> GET /chrome-for-testing/known-good-versions-with-downloads.json HTTP/1.1
2024-07-29 11:03:32 DEBUG headers:203 - http-outgoing-1 >> user-agent: Apache-HttpClient/5.0
2024-07-29 11:03:32 DEBUG headers:203 - http-outgoing-1 >> accept-encoding: gzip, deflate, br
2024-07-29 11:03:32 DEBUG headers:203 - http-outgoing-1 >> cache-control: max-age=0
2024-07-29 11:03:32 DEBUG headers:203 - http-outgoing-1 >> connection: keep-alive
2024-07-29 11:03:32 DEBUG headers:203 - http-outgoing-1 >> Host: googlechromelabs.github.io
2024-07-29 11:03:32 DEBUG wire:92 - http-outgoing-1 >> "GET /chrome-for-testing/known-good-versions-with-downloads.json HTTP/1.1[\r][\n]"
2024-07-29 11:03:32 DEBUG wire:92 - http-outgoing-1 >> "user-agent: Apache-HttpClient/5.0[\r][\n]"
2024-07-29 11:03:32 DEBUG wire:92 - http-outgoing-1 >> "accept-encoding: gzip, deflate, br[\r][\n]"
2024-07-29 11:03:32 DEBUG wire:92 - http-outgoing-1 >> "cache-control: max-age=0[\r][\n]"
2024-07-29 11:03:32 DEBUG wire:92 - http-outgoing-1 >> "connection: keep-alive[\r][\n]"
2024-07-29 11:03:32 DEBUG wire:92 - http-outgoing-1 >> "Host: googlechromelabs.github.io[\r][\n]"
2024-07-29 11:03:32 DEBUG wire:92 - http-outgoing-1 >> "[\r][\n]"
2024-07-29 11:03:33 DEBUG wire:92 - http-outgoing-1 << "HTTP/1.1 200 OK[\r][\n]"
2024-07-29 11:03:33 DEBUG wire:92 - http-outgoing-1 << "Connection: keep-alive[\r][\n]"
2024-07-29 11:03:33 DEBUG wire:92 - http-outgoing-1 << "Content-Length: 50345[\r][\n]"
2024-07-29 11:03:33 DEBUG wire:92 - http-outgoing-1 << "Server: GitHub.com[\r][\n]"
2024-07-29 11:03:33 DEBUG wire:92 - http-outgoing-1 << "Content-Type: application/json; charset=utf-8[\r][\n]"
2024-07-29 11:03:33 DEBUG wire:92 - http-outgoing-1 << "permissions-policy: interest-cohort=()[\r][\n]"
2024-07-29 11:03:33 DEBUG wire:92 - http-outgoing-1 << "x-origin-cache: HIT[\r][\n]"
2024-07-29 11:03:33 DEBUG wire:92 - http-outgoing-1 << "Last-Modified: Mon, 29 Jul 2024 05:10:15 GMT[\r][\n]"
2024-07-29 11:03:33 DEBUG wire:92 - http-outgoing-1 << "Access-Control-Allow-Origin: *[\r][\n]"
2024-07-29 11:03:33 DEBUG wire:92 - http-outgoing-1 << "Strict-Transport-Security: max-age=31556952[\r][\n]"
2024-07-29 11:03:33 DEBUG wire:92 - http-outgoing-1 << "ETag: W/"66a72437-17cd51"[\r][\n]"
2024-07-29 11:03:33 DEBUG wire:92 - http-outgoing-1 << "expires: Mon, 29 Jul 2024 05:20:17 GMT[\r][\n]"
2024-07-29 11:03:33 DEBUG wire:92 - http-outgoing-1 << "Cache-Control: max-age=600[\r][\n]"
2024-07-29 11:03:33 DEBUG wire:92 - http-outgoing-1 << "Content-Encoding: gzip[\r][\n]"
2024-07-29 11:03:33 DEBUG wire:92 - http-outgoing-1 << "x-proxy-cache: HIT[\r][\n]"
2024-07-29 11:03:33 DEBUG wire:92 - http-outgoing-1 << "X-GitHub-Request-Id: 10C1:1B4273:1E42AC:252E88:66A724F0[\r][\n]"
2024-07-29 11:03:33 DEBUG wire:92 - http-outgoing-1 << "Accept-Ranges: bytes[\r][\n]"
2024-07-29 11:03:33 DEBUG wire:92 - http-outgoing-1 << "Date: Mon, 29 Jul 2024 05:33:32 GMT[\r][\n]"
2024-07-29 11:03:33 DEBUG wire:92 - http-outgoing-1 << "Via: 1.1 varnish[\r][\n]"
2024-07-29 11:03:33 DEBUG wire:92 - http-outgoing-1 << "Age: 573[\r][\n]"
2024-07-29 11:03:33 DEBUG wire:92 - http-outgoing-1 << "X-Served-By: cache-hyd1100025-HYD[\r][\n]"
2024-07-29 11:03:33 DEBUG wire:92 - http-outgoing-1 << "X-Cache: HIT[\r][\n]"
2024-07-29 11:03:33 DEBUG wire:92 - http-outgoing-1 << "X-Cache-Hits: 47[\r][\n]"
2024-07-29 11:03:33 DEBUG wire:92 - http-outgoing-1 << "X-Timer: S1722231212.283403,VS0,VE0[\r][\n]"
2024-07-29 11:03:33 DEBUG wire:92 - http-outgoing-1 << "Vary: Accept-Encoding[\r][\n]"
2024-07-29 11:03:33 DEBUG wire:92 - http-outgoing-1 << "X-Fastly-Request-ID: ef2fef7c9583114a122bca8818a98dfa856636c2[\r][\n]"
2024-07-29 11:03:33 DEBUG wire:92 - http-outgoing-1 << "[\r][\n]"
2024-07-29 11:03:33 DEBUG headers:189 - http-outgoing-1 << HTTP/1.1 200 OK
2024-07-29 11:03:33 DEBUG headers:192 - http-outgoing-1 << Connection: keep-alive
2024-07-29 11:03:33 DEBUG headers:192 - http-outgoing-1 << Content-Length: 50345
2024-07-29 11:03:33 DEBUG headers:192 - http-outgoing-1 << Server: GitHub.com
2024-07-29 11:03:33 DEBUG headers:192 - http-outgoing-1 << Content-Type: application/json; charset=utf-8
2024-07-29 11:03:33 DEBUG headers:192 - http-outgoing-1 << permissions-policy: interest-cohort=()
2024-07-29 11:03:33 DEBUG headers:192 - http-outgoing-1 << x-origin-cache: HIT
2024-07-29 11:03:33 DEBUG headers:192 - http-outgoing-1 << Last-Modified: Mon, 29 Jul 2024 05:10:15 GMT
2024-07-29 11:03:33 DEBUG headers:192 - http-outgoing-1 << Access-Control-Allow-Origin: *
2024-07-29 11:03:33 DEBUG headers:192 - http-outgoing-1 << Strict-Transport-Security: max-age=31556952
2024-07-29 11:03:33 DEBUG headers:192 - http-outgoing-1 << ETag: W/"66a72437-17cd51"
2024-07-29 11:03:33 DEBUG headers:192 - http-outgoing-1 << expires: Mon, 29 Jul 2024 05:20:17 GMT
2024-07-29 11:03:33 DEBUG headers:192 - http-outgoing-1 << Cache-Control: max-age=600
2024-07-29 11:03:33 DEBUG headers:192 - http-outgoing-1 << Content-Encoding: gzip
2024-07-29 11:03:33 DEBUG headers:192 - http-outgoing-1 << x-proxy-cache: HIT
2024-07-29 11:03:33 DEBUG headers:192 - http-outgoing-1 << X-GitHub-Request-Id: 10C1:1B4273:1E42AC:252E88:66A724F0
2024-07-29 11:03:33 DEBUG headers:192 - http-outgoing-1 << Accept-Ranges: bytes
2024-07-29 11:03:33 DEBUG headers:192 - http-outgoing-1 << Date: Mon, 29 Jul 2024 05:33:32 GMT
2024-07-29 11:03:33 DEBUG headers:192 - http-outgoing-1 << Via: 1.1 varnish
2024-07-29 11:03:33 DEBUG headers:192 - http-outgoing-1 << Age: 573
2024-07-29 11:03:33 DEBUG headers:192 - http-outgoing-1 << X-Served-By: cache-hyd1100025-HYD
2024-07-29 11:03:33 DEBUG headers:192 - http-outgoing-1 << X-Cache: HIT
2024-07-29 11:03:33 DEBUG headers:192 - http-outgoing-1 << X-Cache-Hits: 47
2024-07-29 11:03:33 DEBUG headers:192 - http-outgoing-1 << X-Timer: S1722231212.283403,VS0,VE0
2024-07-29 11:03:33 DEBUG headers:192 - http-outgoing-1 << Vary: Accept-Encoding
2024-07-29 11:03:33 DEBUG headers:192 - http-outgoing-1 << X-Fastly-Request-ID: ef2fef7c9583114a122bca8818a98dfa856636c2
2024-07-29 11:03:33 DEBUG MainClientExec:138 - ex-0000000002 connection can be kept alive for 3 MINUTES
2024-07-29 11:03:33 DEBUG wire:92 - http-outgoing-1 << "[0x1f][0xffffff8b][0x8][0x0][0x0][0x0][0x0][0x0][0x0][0x3][0xffffffcc][0xffffffbd][0xffffffdd][0xffffff8e],Iv^[0xfffffff9].}[0xffffffad].[0xffffff86][0xffffffdb][0xffffff9f][0xffffff9b][0xfffffff1]9t5[0xffffff83][0xffffffb9][0xffffffe8]!{[0xffffffc8][0x6][0xffffff9a]l[0xffffffa2][0xffffff9b][0xffffff92][0x6]#[0xffffffe8][0xffffffdd]'22[0xffffffcf][0xffffffc9],[0xffffffdb]_[0x1c]U[0xfffffff8]i[0xffffffec][0xfffffff5]A[0x10][0x4][0xffffff8a][0xffffff9d][0xffffffe5]Fbaa[0xffffff95][0xffffff87][0xffffffed][0xffffffed][0xffffffff][0xfffffff3]w[0xffffffff][0xfffffff9][0xffffffa7][0x7f][0xfffffffb][0xffffffe3][0xffffffdf][0xfffffffe][0xfffffff3][0xf][0xffffffff][0xfffffff6][0x1f][0xffffffbf][0xfffffffb][0xffffffc7][0xffffffdf][0xffffff95][i[0xffffffbf][0xffffffbf][0xffffff9d][0xffffffbf]/[0xfffffff3][0xffffffbf][0xffffff96][0xffffffdb]?[0xffffffde][0xffffffd6]?[0xffffff96][0xfffffff3][0xffffff97][0xffffffe3][0xffffffd6][0xffffffff][0xffffff8f][0xffffffdf][0xfffffffd][0xffffff97][0xffffffdf][0xfffffffd][0xfffffff7]?[0xfffffffe][0xfffffff5]o[0x7f][0xfffffffa][0xffffffcb][0xffffffbf][0xffffffff][0xffffffed]w[0xffffffff][0xfffffff8][0x7f][0xfffffffe][0xffffffcf]o[0xffffffff][0xffffffc5][0xfffffffd]/[0xffffff8e][0xffffffa3][0xfffffffe]r[0xfffffffb][0xffffffa5][0xffffff8f][0xffffffb3][0xfffffffc]r[0xffffffbb][0xffffffff][0xffffffa7][0xfffffffe][0xfffffffa][0xffffffc7][0xffffffff][0xfffffffe][0xffffffa7][0xffffffef][0xffffffff][0xffffff9d]r[0xffffffb4][0xffffffde][0xffffffef][0xffffffff][0xffffff9f][0xffffffff][0xfffffffc][0xffffff97][0xffffffff][0xfffffff1][0xffffffef][0x7f][0xfffffffe][0xffffffcb][0x1f][0xfffffffe][0xfffffff9][0xfffffffe][0xffffffb7][0xffffffff][0xfffffff3]w[0xffffffff][0xfffffff4][0xffffffaf][0x7f][0xfffffffd][0xffffffcb][0xffffffbf][0xfffffffd][0xfffffff1][0xfffffff1]O[0xfffffff9][0xffffff8f]?[0xffffffff][0xffffffe1]?[0xffffffff][0xffffff9f][0xffffffbf][0xfffffffc][0xfffffff5][0xffffffdf][0xffffffee][0xffffffff][0xffffffe1]?[0xffffffff][0xffffffe9][0xffffffdf][0xffffffff][0xffffffdb][0xffffffff];[0xffffffda][0xfffffffd]?[0xfffffffc][0xffffffdf][0xfffffffe][0xfffffffa][0xffffffe7][0xfffffffb][0x7f][0xfffffffd][0xffffffaf][0xffffffff][0xfffffff9][0xffffff9f][0xffffffff][0xfffffff1][0xffffffb7][0x7f][0xfffffffc][0xffffff87][0x7f][0xfffffff8][0xffffffdb][0x7f][0xfffffffe][0xffffffe5][0xffffffaf][0x7f][0xfffffff8][0xffffff97]?[0xfffffffe][0xfffffff2]/[0x7f][0xfffffff9][0xffffffcb][0xffffffbf][0xfffffffc][0xfffffff9][0xffffff8f][0x7f][0xfffffff8][0xffffff8f]?[0xfffffffd][0xffffffed][0xffffff97][0x7f][0xfffffffa][0xffffffcb][0xffffffbf][0xfffffffd][0xffffffc3][0xfffffffb]?[0xffffffe4][0xfffffff7][0xfffffff7]?[0xfffffffe][0xfffffffd][0x7f][0xffffffde][0xf][0xffffffff][0xffffffa7][0x7f][0xffffffff][0xffffff97][0xffffffdf][0xffffffff][0xffffffc7][0x7f][0xfffffffb][0xffffffbf][0xffffffff][0xfffffffc][0xffffffa7][0x7f][0xfffffffa][0xffffff87][0xffffffaf][0xffffffe7][0xfffffff9][0xffffff87][0xffffff8f][0x7f][0xffffffea][0xffffffb7][0xffffffff][0xfffffff8][0xffffffc7][0x7f][0xfffffff9][0xffffffcb][0xffffffff][0xfffffff7][0xffffffa7][0xffffffff][0xfffffff8][0xffffffdd][0xffffffff][0xfffffffa]/[0xffffffbf]z[0xfffffffe][0xffffffbf][0xfffffffd][0xffffffe1][0xffffff9f]~[0xffffffff][0xffffff87][0xffffffbf][0xfffffffe][0xffffffdb][0xffffffdf][0xfffffffd][0x4][0xffffffdf][0xffffffff][0xffffffb9][0xffffffdf][0xfffffffe][0xffffffe0][0xfffffffb][0xffffffff][0xffffffc7][0xffffffb3]S[0xfffffffc][0xfffffffd][0xffffffff][0xffffffb7][0xfffffff0][0xfffffff1]O[0xfffffffd]z[0xffffff82]'[0xffffffff][[0xfffffff8][0x1f][0x7f][0xfffffffa][0xfffffff7]Z[0xfffffffe][0xffffffce]O[0x7f][0xfffffffc]3[0xffffffbf][0xfffffffd][0xffffff87][0x1f][0xffffffff][0xffffffc5][0xffffff93]'[0xffffffff][0xffffffdd][0xffffffff][0xffffffe7]~[0xfffffffc]3[0xffffffbf]<[0xfffffff9][0xffffffdb][0xffffffff][0xffffffcc][0xffffffff][0xffffffd7][0xffffffff]z{[0xffffffb8]D[0xffffffb8]v3[0xffffff86]k[0xffffffc7]![0xffffffbe][0x1f][0xffffff81][0xffffffa7][0xfffffff8][0xffffffe3][0x10][0x14][0xffffffc6][0xfffffff7][0xffffffc7]S[0x1c][0xffffffbf]?[0xfffffffa]U[0xffffff90]G5[0x3]yT[0x1c][0xffffffe4][0xfffffffb][0x11]x[0xffffff90]?[0xe]A[0xffffff81]|[0x7f]<[0x5][0xfffffff2][0xfffffffb][0xffffffa3][0x7f]#[0xffffffc8][0xffffffed][0xfffffff1]Wk[0xffffff88][0xffffffa8][0x18]e[0xffffffac]t[0xffffff8e]?[0xffffffcf]Ca[0xfffffffc][0xffffffe5][0x4][0x18][0xffffffc5][0xffffffdb][0x19][0xffffff92]![0xfffffffe][0xfffffff2][0xfffffff4]d[0xffffff86][0x7f][0xfffffffd][0xffffffe4]W[0x10]>oS <k?[0x18][0xffffff84][0x1f][0xffffffe7]A[0x11]~?[0x1][0xffffff8b][0xfffffff0][0xffffffe7][0x19][0x8][0xffffff84][0xffffffdf][0xffffff9f]N [0xfffffffc][0xfffffffd][0xffffffc9][0xffffffaf]![0xffffffbc][0x14][0xffffffc2][0xffffffbd]5[\n]"
2024-07-29 11:03:33 DEBUG wire:106 - http-outgoing-1 << "[0xffffffe1][0xffffff85]#[0xffffffbc][0xc][0x10]^([0xffffffc2][0xb]Cx]@[0xfffffff8][0xffffffb8])[0xffffff84]g[0xffffff9d][0x10][0xffffffc2]o[0xffffffe7]a[0x11]~[0xffffff9c][0x0]F[0xfffffff8][0xfffffffb][0x19][0x10][0xffffff84][0x1f]OG[0x10][0xfffffffe][0xfffffff6][0xffffffe4][0xffffffd7][0x10]>~[0xffffff89][0xffffffff]N[0xffffffb7][0xffffff8e]q[0xffffffa3][0x10][0xffffffbe][0xffffff9f][0x7]F[0xfffffff8][0xffffffed][0x4]4[0xffffffc2][0xffffffdf][0xffffffce][0xffffffc0] [0xfffffffc][0xfffffff6]t[0x6][0xffffffe1][0xffffff8f]'[0xffffffbf][0xffffff86]p[0x15][0x16]^[0xffffffe7][0xffffffa0]B[0xffffffe2][0xffffffed]<0[0xffffffc2][0xffffffd5][0xffffffc0][0xffffffc2][0x15][0xffffffb5]p[0xffffffc5],\[0xffffffaf]X[0xffffffb8]G[0xffffff84][0xffffffeb][0xffffffad][0xffffffce]J![0xffffffdc]q[0xffffff84][0xffffffbb][0x1][0xffffffc2][0x1d]E[0xffffffb8]c[0x8][0xfffffff7]+[0x8][0xffffff8b]7[0x12][0xfffffff5]([0xffffffc0][0xffffffcb][0xffffffe1][0xffffffcf][0xfffffff3][0xffffffc0][0x8][0x1b][0xffffffbc][0xffffff91]8[0xffffffd0]7[0x12][0x7][0xfffffff6]F[0xffffffe2][0xffffffb8][0xfffffff2]F[0xffffffa2][0xffffffdc]~i[0x11][0xffffffe1]y[0x1b][0x10][0xffffffc2]o[0xffffffe7]a[0x11]~[0xffffff9c][0x0]F[0xfffffff8][0xfffffffb][0x19][0x10][0xffffff84][0x1f]OG[0x10][0xfffffffe][0xfffffff6][0xffffffe4][0xffffffd7][0x10][0x16][0xfffffff7]%ji[0x1c][0xffffffc2][0xffffffe0]}[0xffffff89]/'[0xffffffa0][0x11][0xffffff86][0xffffffee]K|y:[0xffffff83][0xfffffff0]k[0xfffffff7]%>[0xfffffffe][0xffffffa8][0x9][0xffffff84][0xffffffeb][0xffffffed][0xffffffa0][0xffffffde]H[0xffffffbc][0xffffff9d][0x7]F[0xffffffb8][0x19] [0xffffffdc]P[0xffffff84][0x1b][0xffffff86]p[0xffffffbb][0xffffff82][0xffffffb0]j[0xffffffe1]V[0xe][0xffffffea][0xffffffd7][0xffffffb9][0xffffff82][0xffffffb7]p1h[0xffffffe1][0xffffff82][0xffffffb6]p[0xffffffc1]Z[0xffffffb8]\i[0xffffffe1][0xffffffaa]B[0xffffffa2][0xffffffb5]U [0xffffff84]+[0x1e][0x12][0xffffffd5] $*[0x1a][0x12][0x15][0xb][0xffffff89]z%$[0xffffffaa]x/\[0xffffffdb]<[0xffffffa9]7[0x12][0x15][0x7f]/\[\r][0xffffffde][0xb]W[0xfffffff4][0xffffffbd]p[0xffffffc5][0xffffffde][0xb][0xffffffd7]+[0xffffffef][0xffffff85][0xffffffab]j[0xffffffe1]~[0xffffffdc]0[0xffffff84][0xfffffff1][0x16][0xffffffae][0x6]-[0xfffffffc][0xfffffffd][0xc][0xc][0xffffffc2]X[0xb][0x7f]{[0xfffffff2]k[0x8][0xffffffab][0xffffff9f]6z?[0xffffffa9][0x7f][0xffffff9d][0xffffffab][0xfffffff8]O[0x1b][0xffffffd5][0xffffffe0][0xffffffa7][0xffffff8d][0xffffff8a][0xfffffffe][0xffffffb4]Q[0xffffffb1][0xffffff9f]6[0xffffffea][0xffffff95][0xffffff9f]6[0xffffffee][0x7f]T[0xffffffcc][0x10].8[0xffffffc2][0xffffffc5][0x0][0xffffffe1][0xffffff82]"\0[0xffffff84][0xffffffcb][0x15][0xffffff84][0xffffffc3]5[0x1f][0x18]a[0xfffffff8][0xffffff9a][0xffffffcf][0xffffffe3][0x4]<[0xffffffc2][0xffffffe0]5[0xffffff9f][0xffffffc7][0xffffffd3])[0xffffff84]_[0xffffffbf][0xffffffe6]s[0xffffffff][0xffffffa3]a[0xffffff86][0xfffffff0][0xffffffc0][0x11][0x1e][0x6][0x8][0xf][0x14][0xffffffe1][0xffffff81]!<[0xffffffae] |[0xffffffb8]1|[0xfffffff0][0x10][0x1f][0xe][0x14][0x1f],[0xffffffc6][0x7][0xffffffc7][0xfffffff1]q[0x9][0xffffffe4][0xffffffe2][0x6]r[0xffffffe1]A.[0xe] [0x17][0x16][0xffffffe4][0xffffffc2][0xffffff81]\.[0xffffff81][0x1c][0xffffff87][0xfffffff3]a[0xffffff90][0xffffffb9][0xffffffe1][0xfffffffc][0xffffffaf]G[0xffffffe0]Af[0xffffff86][0xfffffff3][0xffffffbf]>[0xffffff9e][0x2][0xfffffff9][0xffffffa5][0xffffffe1][0xfffffffc][0xffffffef][0x7f][0xffffffd5][0xffffffdc]@n<[0xffffffc8][0xffffffcd][0x1][0xffffffe4][0xffffffc6][0xffffff82][0xffffffdc]8[0xffffff90][0xffffffdb]%[0xffffff90][0xffffff97][0xffffffdb][0xb][0xffffffe3][0xffffffc5][0xffffffbf]1[0xffffffbe][0x1f][0xffffff81][0x7][0xfffffff9][0xffffffe3][0x10][0x14][0xffffffc8][0xffffff8b]{i[0xffffffbc].[0xffffffbd]5>[0xffffffaa][0xffffffdb]K[0xffffffb7][0xfffffffb][0xffffff89]p[0xffffff94][0xffffffdf][0xffffffce][0xffffffc0][0xffffffb3][0xfffffffc][0xffffffed][0x14][0x14][0xffffffcc]o[0xffffffcf][0xffffffa7]h[0xfffffffe]x[0xfffffff6]o[0xffffffc4][0xffffffb9][0xffffffbf][0xffffffff][0xffffff99][0x18][0xffffffd7][0xffffffaf][0xffffffe7]m[0xffffffe4]_[0x8][0xfffffffa]<[0xf][0xffffff85][0xfffffff2][0xffffff97][0x13]` ogH[0xffffffc6][0xfffffff8][0xffffffcb][0xffffffd3][0xffffff93]![0xfffffffe][0xfffffff5][0xffffff93]_B[0xffffffb8][0xffffff89]q[0xfffffffd]z[0xffffffd6][0xffffff99][0x7f]-[0xfffffff3][0xfffffff3]<,[0xffffffc2][\r][0x1d][0xffffffd7][0xffffffdf][0xffffffce][0xffffff80] [0xffffffdc][0xffffff80]q[0xfffffffd]_?[0xfffffff9]5[0xffffff84][0xf][0xffffff85]po[0xfffffff9]I[0xfffffff1]y[0x1e][0x18][0xffffffe1][0xffffffc3][0x0][0xffffffe1][0x3]E[0xfffffff8][0xffffffc0][0x10]>[0xffffffae] [0xffffffac]n[0x16][0xffffff9f]}[0xffffff9d][0x14][0xffffffc2][0xffffffe0][0xffffffcd][0xffffffe2]/'[0xffffffa0][0x11][0xffffff86]n[0x16][0x7f]y:[0xffffff83][0xfffffff0]k7[0xffffff8b]?[0xfffffffe]H[0xffffffdd],>G[0xffffffcb]_ [0xfffffff8]y[0x1e][0x18]a[0xfffffff4]f[0xfffffff1]v[0x6][0x6]a[0xffffffe0]f[0xfffffff1][0xffffffaf][0xffffff9f][0xfffffffc][0x1a][0xffffffc2]M"[0xffffffbc][0xfffffff2]7N|[0xffffff9e][0x7]F[0xffffffb8][0x19] [0xffffffdc]P[0xffffff84][0x1b][0xffffff86]p[0xffffffbb][0xffffff82][0xfffffff0])[0x10][0xffffff9e][0xffffffa5]`!q[0xffffffe2][0x8][0xffffff9f][0x6][0x8][0xffffff9f]([0xffffffc2]'[0xffffff86][0xfffffff0]y[0x5]a[0xfffffff5]Rm[0xffffffce][0xffffff8e]Y[0x18][0x7f][0xffffffa9][0xffffffd6][0xc]^[0xffffffaa]5[0xfffffff4][0xffffffa5]Z[0xffffffc3]^[0xffffffaa][0xffffffb5]+/[0xffffffd5][0xffffffba]z[0xffffffa9][0xffffffb6][0xffffffca]A![0xffffffdc][0xfffffff1][0xffffff97]j[0xffffffdd][0xffffffe0][0xffffffa5]ZG_[0xffffffaa]u[0xffffffec][0xffffffa5]Z[0xffffffbf][0xfffffff2]R[0xffffffad][0xffffffab][0xffffff97]j[0xffffffab][0x15][0xffffffea][0xffffffa5]Z[0xffffffc7]_[0xffffffaa]u[0xffffff83][0xffffff97]j[0x1d]}[0xffffffa9][0xffffffd6][0xffffffb1][0xffffff97]j[0xfffffffd][0xffffffca]K[0xffffffb5][0xfffffffb][0x1f][0xffffffc5][0x11]%[0x16]alD[0xffffffe9][0xffffffcb][0x9]x[0xffffff84][0xffffff91][0x11][0xffffffa5]/O[0xffffffa7][0x10]~eD[0xffffffe9][0xffffffe3][0xffffff8f][0xffffff8a]B[0xfffffff8][0xffffffde][0xffffffd5][0x14][0xffffffc2][0x5]G[0xffffffb8][0x18] \P[0xffffff84][0xb][0xffffff86]p[0xffffffb9][0xffffff82]"
2024-07-29 11:03:33 DEBUG wire:92 - http-outgoing-1 << "[0xffffffb0]x/[0xffffffdc]n[0xffffffb7][0xffffff92][0xffffffbf]}[0xffffffed][0xfffffff3]<0[0xffffffc2][0x6][0xffffffef][0xffffff85];[0xfffffffa]^[0xffffffb8]c[0xffffffef][0xffffff85][0xfffffffb][0xffffff95][0xfffffff7][0xffffffc2][0xffffffbd]+[0xffffff84];[0xffffffb0]q[0xffffffe2][0xfffffff3]<0[0xffffffc2][0xffffffdd][0x0][0xffffffe1][0xffffff8e]"[0xffffffdc]1[0xffffff84][0xfffffffb][0x15][0xffffff84][0xffffffc5][0xffffffe7][0xffffffbd][0xffffffee][0x8]c7[0xffffffd5]:[0xfffffff8]y[0xffffffaf]/'[0xffffffa0][0x11][0xffffff86]>[0xffffffef][0xfffffff5][0xffffffe5][0xffffffe9][0xc][0xffffffc2][0xffffffaf]}[0xffffffde][0xffffffeb][0xffffffe3][0xffffff8f][0xffffffc4]O[0x1b][0xffffffed]68[0xb][0xffffffe3]?mt[0xffffff83][0xffffff9f]6:[0xfffffffa][0xffffffd3]F[0xffffffc7]~[0xffffffda][0xffffffe8]W~[0xffffffda][0xffffffe8]b[0x7][0xffffffe6][0x1d]a[0xffffffe0][0xffffffc3]2[0xffffff9f][0xffffffe7][0xffffff81][0x11]Fw`ng`[0x10][0x6]v`[0xfffffffe][0xfffffffa][0xffffffc9][0xffffffaf]!,~[0xffffff9d]k[0xffffffb7][0xfffffff3][0xffffffa4][0xffffffee][0xb]w[0xfffffffc][0xffffffd7][0xffffffb9]n[0xfffffff0][0xffffffeb]\G[0x7f][0xffffff9d][0xffffffeb][0xffffffd8][0xffffffaf]s[0xfffffffd][0xffffffca][0xffffffaf]sC[0xfffffffc][0xffffffb4][0xffffffd1][0xffffff90][0xffffffaf]r|[0xffffff9e][0xffffff87]Ex[0x18][0xfffffffc][0xffffffb4]1[0xffffffd0][0xffffff9f]6[0x6][0xfffffff6][0xffffffd3][0xffffffc6][0xffffffb8][0xfffffff2][0xffffffd3][0xffffffc6][0x10][0xfffffff7][0xffffff85][0xffffffdb]1*[0xfffffff5]Rm[0xffffffe0][0xfffffff7][0xffffff85][0xffffff87][0xffffffc1]}[0xffffffe1][0xffffff81][0xffffffde][0x17][0x1e][0xffffffd8]}[0xffffffe1]q[0xffffffe5][0xffffffbe][0xfffffff0][0xfffffffd][0xffffff8f][0xffffff9a][0x19][0xffffffc2][0xffffffd8][0xffffff87]e[0xffffffbe][0xffffff9c][0xffffff80]G[0x18][0xfffffff9][0xffffffb0][0xffffffcc][0xffffff97][0xffffffa7]S[0x8][0xffffffbf][0xfffffff2]a[0xffffff99][0xffffff8f]?R?m[0x1c]kP-<[0xfffffff0][0xffffff9f]6[0xffffff86][0xffffffc1]O[0x1b][0x3][0xfffffffd]ic`?m[0xffffff8c][0x1f][0xfffffffe][0xffffffb4][0xfffffff1]_> [0xfffffffc][0xffffffe7][0xffffffbf][0xfffffffe][0xffffffe9][0xe]2[0xffffff81][0xffffffe2][0xfffffffb][0xffffff93][0x1d][0xffffff80][0xfffffffc]8[0x9][0xffffff8e][0xffffffe5][0xffffff97]s@p~[0xffffff9c][0x0]C[0xfffffff4][0xfffffff3][0xfffffff9][0xffffffff][[0xffffffd7]v[0xffffffe1][0xffffffda]2[0xffffff80][0xffffffcf][0xffffff8a][0x7f][0xffffff9e][0x7]vm7pm[0xf]Pg[0xffffffe2][0xffffffdc]1[0xffffffd7]v'[0xffffffd7]F[0x14][0x19][0xffffffd7]* [0x19][0xffffffd7]F,[0xfffffff3]][0xffffffbb][0xffffffc3][0xffffff99][0xffffffed][0xffffffda][0x1d][0xffffffd1][0x17]\[0xffffffab]~i[0xffffffab][0xffffffc7][0xffffffc4]\[0xffffff8b][0xffffffff][0xffffffd2]6[0xc]~i[0x1b][0xffffffe8]/m[0x3][0xfffffffb][0xffffffa5]m[0xfffffffc][0xfffffff0][0xffffff97][0xffffffb6]l[0xffffffd7]F[0x14][0x19][0xffffffd7]* [0x19][0xffffffd7]F,[0xfffffff3]][0xffffffbb][0xffffffc3][0xffffff99][0xffffffed][0xffffffda][0x1d][0xffffffd1][0x17]\[0xffffffab]~[0x12][0xffffffae][0xffffffbd]b?F[0xffffffe0]?[0x9][0xf][0xffffff83][0xffffff9f][0xffffff84][0x7][0xfffffffa][0xffffff93][0xfffffff0][0xffffffc0]~[0x12][0x1e]?[0xfffffffc]I8[0xffffffdb][0xffffffb5][0x11]E[0xffffffc6][0xffffffb5][\n]"
2024-07-29 11:03:33 DEBUG wire:106 - http-outgoing-1 << "H[0xffffffc6][0xffffffb5][0x11][0xffffffcb]|[0xffffffd7][0xffffffee]pf[0xffffffbb]vG[0xfffffff4][0x5][0xffffffd7][0xffffffaa][0xffffffbb][0xb]utjE[0xffffffc9][0xffffffc0][0xffffffef].[0xc][0xffffff83][0xffffffbb][0xb][0x3][0xffffffbd][0xffffffbb]0[0xffffffb0][0xffffffbb][0xb][0xffffffe3][0xffffff87]w[0x17][0xffffffb2]][0x1b]Qd\[0xffffffab][0xffffff80]d\[0x1b][0xffffffb1][0xffffffcc]w[0xffffffed][0xe]g[0xffffffb6]kwD[0x7f][0xffffffbb]kO1[0x2][0xffffffdf][0xffffffea]yP[0xffffff93]k'>[0x2][0x7f][0x1a][0xffffff8c][0xffffffc0][0xffffff9f][0xffffffe8][0x8][0xfffffffc][0xffffff89][0xffffff8d][0xffffffc0][0xffffff9f]?[0x1c][0xffffff81]Ov[0xffffffad]@[0x11]q[0xffffffad][0x4][0x12]q[0xffffffad][0xffffffc0]2[0xffffffdd][0xffffffb5][0x1][0xffffffce]d[0xffffffd7][0x6]D_p[0xffffffad][0xffffffba][0xffffffd0]X[0xffffffef][0xffffffa5]L[0xffffffb9][0x16][0xffffffbf][0xffffffd0]x[0x1a]\h<[0xffffffd1][0xb][0xffffff8d]'v[0xffffffa1][0xfffffff1][0xfffffffc][0xffffffe1][0xffffff85][0xffffffc6]l[0xffffffd7]F[0x14][0x19][0xffffffd7]* [0x19][0xffffffd7]F,[0xfffffff3]][0xffffffbb][0xffffffc3][0xffffff99][0xffffffed][0xffffffda][0x1d][0xffffffd1][0x17]\[0xffffffab]n[0xffffffde][0xffffffd6]yP[0xffffffd7][0x16]O[0xfffffffc][0xffffffe6][0xffffffed]ip[0xfffffff3][0xfffffff6]Do[0xffffffde][0xffffff9e][0xffffffd8][0xffffffcd][0xffffffdb][0xfffffff3][0xffffff87]7o[0xffffffb3]][0x1b]Qd\[0xffffffab][0xffffff80]d\[0x1b][0xffffffb1][0xffffffcc]w[0xffffffed][0xe]g[0xffffffb6]kwD_p[0xffffffad][0xffffffba]_[[0x17][0xfffffff0][0xffffffad][0xffffffa0][0xffffffcf][0xfffffff3][0xffffffc0][0xffffffae]5[0xffffffb8]_{[0xffffffc6][0xffffff8b][0xffffff8c][0xffffff99]8c[0xfffffff7]k[0xffffffcf][0xfffffffd][0xfffffff2]"[0xffffffea]Z[0xffffff93][0xfffffffb][0xffffffb5][0x12]H[0xffffffc6][0xffffffb5][0x6][0xfffffff7]k[0x3][0xffffff9c][0xffffffd9][0xffffffae][0xffffffbd]~[0xffffffbf][0xfffffff6][0xfffffffe][0xffffffa7][0xffffffcd][0xffffffcc][0xffffffb5][0xfffffff0]8[0xffffffce][0xffffffe3][0x4][0xffffffbc]k[0xffffffc1]q[0xffffff9c][0xffffffc7][0xffffffd3])[0xffffffd7][0xfffffffe]`[0x1c]'[0xffffffdf][0xffffffb5];[0xffffff8a][0xffffff94]k#[0xffffff90][0xffffff94]kw,[0x9][0xffffffd7]6[0xffffffd8][0xffffffb5][0xffffffed][0xffffffaa]k[0xffffffd5]2[0xffffffa6][0xffffffb6][0xffffffb0][0xfffffff5][0xffffffd0]'[0xffffffbe][0xffffff8c][0xffffffe9]4X[0xffffffc6]t[0xffffffa2][0xffffffcb][0xffffff98]Nl[0x19][0xffffffd3][0xfffffff9][0xffffffc3]eL[0xffffffd9][0xffffffae][0xffffff8d](2[0xffffffae]U@2[0xffffffae][0xffffff8d]X[0xffffffe6][0xffffffbb]v[0xffffff87]3[0xffffffdb][0xffffffb5];[0xffffffa2]/[0xffffffb8]V[0xffffffcd]2[0xfffffff4][0xffffff82]}M[0xffffffe2][0xffffffc4]g[0x19]N[0xffffff83]Y[0xffffff86]3^[0x1a][0xffffffcf][0xffffffc4][0x19][0xffffff9b]e8[0xfffffff7][0xffffff8b][0xffffffe2][0xffffffa8]kMf[0x19]$[0xffffff90][0xffffff8c]k[\r]f[0x19][0x2][0xffffff9c][0xffffffd9][0xffffffae][0xffffffbd]>[0xffffffcb]0[0xffffffd5]=[0xffffff84][0xffffffd1][0xffffffb0]O[0x0]N[0xfffffffc][0x1e][0xffffffc2]4[0xffffffb8][0xffffff87]0[0xffffffe3][0xf][0xffffffbe][0xffffff89]8O[0xffffffec][0x1e][0xffffffc2][0xffffffdc][0x7f][0xffffffe4]%]+PD\+[0xffffff81]D\+[0xffffffb0]Lwm[0xffffff80]3[0xffffffd9][0xffffffb5][0x1][0xffffffd1][0x17]\[0xffffffdb][0xffffff95]kWi[0xffffff94]k;[0xffffffee][0xffffffda]n[0xffffffe0][0xffffffda][0x1e][0xffffffa0][0xffffffce][0xffffffc4][0xffffffb9]c[0xffffffae][0xffffffed]N[0xffffffae][0xffffff8d](2[0xffffffae]U@2[0xffffffae][0xffffff8d]X[0xffffffe6][0xffffffbb]v[0xffffff87]3[0xffffffdb][0xffffffb5];[0xffffffa2]/[0xffffffb8]V[0xffffffcd][0xffffff8d][0xffffff9d][0xfffffff7][0x7f]"[0xffffffe5]Z|nl[0x1a][0xffffffcc][0xffffff8d][0xffffffcd]8[0xffffffa0][0xffffff93][0xffffff89]3676[0xfffffff7][0xffffffa1][0x1c][0xffffffd4][0xffffffb5]&sc[0x12]H[0xffffffc6][0xffffffb5][0x6]sc[0x1][0xffffffce]l[0xffffffd7]^[0xffffff9f][0x1b][[0xffffffb7]_jp[0xffffffed][0xffffffbc][0xffffffff]_[0xffffffc8][0xffffffb5]o[0xffffffe7]a][0xfffffffb]8[0x1][0xffffffec][0xffffffda][0xffffffef]g@\[0xfffffffb]x:[0xffffffe2][0xffffffda]oO[0xffffffb6]p[0xffffffad]@[0x11]q[0xffffffad][0x4][0x12]q[0xffffffad][0xffffffc0]2[0xffffffdd][0xffffffb5][0x1][0xffffffce]d[0xffffffd7][0x6]D_r[0xffffffed][0xffffffe1]&[0xffffffdb][0xffffff83][0xffffffb7][0xffffffed][0xffffffe1][0xffffffa0][0xffffffdb][0xffffff83][0xfffffff5][0xffffffed][0xffffffc1][0x9][0xfffffff7][0xffffffb0]2n[0xffffffe0][0xffffff91]R[0xffffffae][0xffffffa0][0xffffff92]rn`[0xffffff93][0xffffff90][0xffffffee]A[[0xfffffff7][0xfffffff8][0x9][0xffffffed]>^[0xffffffd3]:i[0xffffffb7][0xffffffc0][0xffffff97]m[0xffffffdf][0xffffff8f][0xffffffc0]k[0xffffffb7][0xffffff80][0xffffffd7]m[0xffffffdf][0x1f]Oi[0xffffffb7][0xfffffff8]\[0xffffffb8]U<R[0xffffffda][0x15]TR[0xffffffda][\r]l[0x12][0xffffffda]-[0xffffffe8][0xffffffa5][0xffffffdb][0xffffffc8][0xffffffe9]K[0xffffffda][0xffffffed][0xffffffc3]L[0xffffffbb]}[0xffffffe0][0xffffffda][0xffffffbd][0x1f][0xffffff81][0xffffffd7][0xffffffee][0xffffffc7]!([0xffffffed][0xffffffde][0x1f]Oi[0xfffffff7][0xfffffffd][0xffffffd1].[0xffffffda][\r]<R[0xffffffda][0x15]TR[0xffffffda][\r]l[0x12][0xffffffda][0xffffffdd][0x8][0xffffffcd][0xffffffd7][0xffffffee][0xffffffc6][0xffffffe9]K[0xffffffda]=[0xffffffbb][0xffffff99]v[0xffffffcf][0xffffff8e]k[0xfffffff7]~[0x4]^[0xffffffbb][0x1f][0xffffff87][0xffffffa0][0xffffffb4]{[0x7f]<[0xffffffa5][0xffffffdd][0xfffffff7]G[0xffffffbb]h7[0xfffffff0]HiWPIi7[0xffffffb0]Ihw#4_[0xffffffbb][0x1b][0xffffffa7]/iw[0xffffffc5]K[0xb][0xffffffac]v[0x17]|k[0xffffffe1][0xfffffffd][0x8][0xffffffbc]v?[0xe]AiwA[0x17][0x17][0xffffffbe]?[0xffffffda]E[0xffffffbb][0xffffff81]GJ[0xffffffbb][0xffffff82]JJ[0xffffffbb][0xffffff81]MB[0xffffffbb][0xb][0xffffffbd][0xffffffbd][0x10]9}M[0xffffffbb][0xffffffd3]M[0xffffffbb][0xffffff93][0xffffffd7][0xffffffee]t[0xffffffd0][0xffffffee]d[0xffffffb5];9[0xffffffed]N+[0xffffffed][0xffffffee]<b[0xffffffda][0xffffff8d]Tb[0xffffffda][0xffffffdd][0xffffffd9]D[0xffffffb4];i[0xffffffed][0xffffffce][0xffffffeb][0xffffffda]=n[0xffffffc5][0xffffffcc][0xffffffbb][0xfffffff7][0x13][0xffffffe1][0xffffffe2]};[0x3]o[0xffffffde]o[0xffffffa7][0xffffffa0][0xffffffd4][0xfffffffb][0xfffffff6]|[0xffffffca][0xffffffbd][0x1f][0xffffffcf]v[0xffffff91]o[0xffffff84][0xffffff92][0xffffffb2][0xffffffaf]B[0xffffff93][0xffffffd2]o[0x4][0xffffff94][0xfffffff0][0xffffffef][0xffffff8e]i[0xffffffbe][0xffffff80]wX_3[0xfffffff0][0xffffffe9][0xfffffff6][0xffffffc2][0xffffffe1]~"[0xffffffde][0xffffffc0][0xfffffff7]3[0x18][0x18][0xfffffff8][0xffffffe3][0x14][0xffffff98][0xffffff81]O[0xffffffee][0xffffffa5][0xffffffc3][0xffffffc7][0xffffffb3]m[0xc][0x1c][0xffffffa0][0xffffffc4][0xc],[0xffffffd0][0xffffffc4][0xc][0x1c][0x0]E[0xc]|[0xffffffd2]o[0x1e]vX[0x7f]"
2024-07-29 11:03:33 DEBUG wire:92 - http-outgoing-1 << "[0xffffff8b][0xffffff81][0xffffffc7][0xfffffffb][0x1f][0xffffffab][0xffffffed][0xb][0xfffffff3][0xffffffac][0xfffffff9][0xfffffffe][0xfffffffd]<[0xf]e[0xffffffdf]/'[0xffffffc0][0xffffffdc][0xffffffbb][0xffffff9d]![0xffffffd9][0xffffffbc]_[0xffffff9e][0xffffff9e][0xffffffec][0xffffffdd]_?[0x19][0xffffffb6][0xffffffee]S[0x14][0xffffff93][0xffffff9d][0xfffffffb][0x3] [0xffffff93][0xffffff8d][0xfffffffb][0x14][0xffffffcb]D[0xffffffdf]>[0xffffff81]3[0xffffffcd][0xffffffb6]O[0x10]}[0xffffffc1][0xffffffb5]j3[0xfffffff9][0xffffffaa][0xffffffa3]P[0xffffffae][0x5]7[0xffffff93][0x7f]9[0x1][0xffffffed]Zh3[0xfffffff9][0xffffff97][0xffffffa7]3[0xffffffae][0xfffffff5][0xffffffd8]L[0xfffffffe][0x14]E[0xffffffc6][0xffffffb5][0x6][0xffffff9b][0xffffffc9][0xffffff9f]b[0xffffff99][0xffffffef]Zl3[0xfffffff9][0x13]D_pmS[0xffffffae][0x1d]=[0x7f]3[0xfffffff9][0xffffffe7]y`[0xffffffd7]6[0x3][0xffffffd7][0xffffffb6][0x0]u&[0xffffffce][\r]smsrmD[0xffffff91]q[0xffffffad][0x2][0xffffff92]qm[0xffffffc4]2[0xffffffdf][0xffffffb5];[0xffffff9c][0xffffffd9][0xffffffae][0xffffffdd][0x11]}[0xffffffc1][0xffffffb5]][0xffffffb9]v[0x1d][0xffffff98]k;[0xffffffee][0xffffffda]n[0xffffffe0][0xffffffda][0x1e][0xffffffa0][0xffffffce][0xffffffc4][0xffffffb9]c[0xffffffae][0xffffffed]N[0xffffffae][0xffffff8d](2[0xffffffae]U@2[0xffffffae][0xffffff8d]X[0xffffffe6][0xffffffbb]v[0xffffff87]3[0xffffffdb][0xffffffb5];[0xffffffa2]/[0xffffffb8]vD[0xffffffd7][0xfffffff6][0xffffffdb]m`[0xffffffae][0x1d][0xffffffb8]k[0xffffff87][0xffffff81]kG[0xffffff80]:[0x13][0xffffffe7][0xffffff81][0xffffffb9]v8[0xffffffb9]6[0xffffffa2][0xffffffc8][0xffffffb8]V[0x1][0xffffffc9][0xffffffb8]6b[0xffffff99][0xffffffef][0xffffffda][0x1d][0xffffffce]l[0xffffffd7][0xffffffee][0xffffff88][0xffffffbe][0xffffffe0]Z[0xfffffff1][0x15][0xffffff88][0xffffffbb]k[0x17][0xfffffff6][0xffffffbe][0x16][0xfffffffc][\n]"
2024-07-29 11:03:33 DEBUG wire:92 - http-outgoing-1 << "[0xffffffc4][0xffffff97][0x13][0xffffffd0][0xffffffae][0xffffff85][0xffffffbe][0x2][0xfffffff1][0xffffffe5][0xffffffe9][0xffffff8c]k=[0xffffffbe][0x2][0xfffffff1][0x14]E[0xffffffc6][0xffffffb5][0x6]_[0xffffff81]x[0xffffff8a]e[0xffffffbe]k[0xffffffb1][0xffffffaf]@<A[0xfffffff4][0x5][0xffffffd7]N[0xffffffe5][0xffffffda][0xffffffe3][0xffffffc8][0xffffffff][\n]"
2024-07-29 11:03:33 DEBUG wire:92 - http-outgoing-1 << "[0xffffffc4][0xffffffe7]y`[0xffffffd7]N[0x3][0xffffffd7][0xffffffce][0x0]u&[0xffffffce][0x13]s[0xffffffed]trmD[0xffffff91]q[0xffffffad][0x2][0xffffff92]qm[0xffffffc4]2[0xffffffdf][0xffffffb5];[0xffffff9c][0xffffffd9][0xffffffae][0xffffffdd][0x11]}[0xffffffc1][0xffffffb5]b3[0xfffffff9][0xffffffdd][0xffffffb5][0xffffffc0][0xffffffd7][0xffffffcd]>[0xffffffcf][0x3][0xffffffbb][0x16][0xffffffdd]L[0xffffffbe][0xffffff9d][0xffffff81]q-[0xffffffb0][0xffffff99][0xfffffffc][0xffffffd7]O[0xfffffff6]p-[0xffffffbe][0xffffff99][0xfffffffc][0x7]@2[0xffffffae]E7[0xffffff93]?[0xffffff81]3[0xffffffdb][0xffffffb5]W6[0xffffff93]?[0xfffffffe]t[0xffffffde]n[0xffffffca][0xffffffb5][0xffffffa5]B[0xffffffae]}[0xffffff9c][0x7]u[0xffffffed][0xfffffffb][0x9]X[0xffffffd7]~[0xffffff9e][0xffffff81]p[0xffffffed][0xfffffffb][0xffffffd3][0x9][0xffffffd7]~[0x7f][0xffffffb2][0xffffff83]k[0x15][0xffffff8a][0xffffff84]k5[0xffffff90][0xffffff84]k[0x15][0xffffff96][0xffffffd9][0xffffffae][0xffffff8d]p[0xffffffe6][0xffffffba]6"[0xfffffffa][0xffffff82]k[0xffffffc5],C[0xffffffbf][0xffffffd5][\n]"
2024-07-29 11:03:33 DEBUG wire:92 - http-outgoing-1 << "[0xffffffbd]Cx[0xffffff9c][0x7]v-?[0xffffffcb][0xfffffff0]y[0x6][0xffffffc6][0xffffffb5][0xffffffd4],[0xffffffc3][0xfffffff7]'{[0xffffffb8][0xffffffd6]c[0xffffff96]A[0x3][0xffffffc9][0xffffffb8][0xffffff96][0xffffff9f]e[0xffffff88]pf[0xffffffbb][0xfffffff6][0xfffffff2],[0xffffffc3][0xffffffbc][0x15][0xffffffe5][0xffffffda]6N[0xffffffca][0xffffffb5][0x5]wm1pm[0x9]Pg[0xffffffe2]\0[0xffffffd7][0x16]'[0xffffffd7]F[0x14][0x19][0xffffffd7]* [0x19][0xffffffd7]F,[0xfffffff3]][0xffffffbb][0xffffffc3][0xffffff99][0xffffffed][0xffffffda][0x1d][0xffffffd1][0x17]\[[0x7f][0x9][j[0xfffffffa]m[0x15][0xffffffcc][0xffffffb5][0xfffffff7][0xfffffff3][0xffffffc0][0xffffffae]};[0x1][0xffffffed][0xffffffda]og`\[0xfffffffb][0xfffffff6]t[0xffffffc6][0xffffffb5][0x1f]O[0xfffffff6]pmD[0xffffff91]q[0xffffffad][0x2][0xffffff92]qm[0xffffffc4]2[0xffffffdf][0xffffffb5];[0xffffff9c][0xffffffd9][0xffffffae][0xffffffdd][0x11]}[0xffffffc1][0xffffffb5]bn[0xffffffac][0x1f]G[0xffffffc5]\K[0xffffffcf][0xffffff8d][0xffffffbd][0xffffff9f][0xffffff80]v-97[0xfffffff6][0xfffffffe]t[0xffffffc6][0xffffffb5]Fsc[\n]"
2024-07-29 11:03:33 DEBUG wire:92 - http-outgoing-1 << "E[0xffffffc6][0xffffffb5].sc[\n]"
2024-07-29 11:03:33 DEBUG wire:92 - http-outgoing-1 << "[0xffffffcb]|[0xffffffd7][0xffffffb2]sc[0x11][0xffffffd1][0x17]\+[0xffffffe6][0xffffffc6][0xfffffffa][0xffffffd1][0xfffffffa][0xffffffa4]\K[0xffffffcf][0xffffff8d][0xffffffbd][0xffffff9f][0xffffff80]v-97[0xfffffff6][0xfffffffe]t[0xffffffc6][0xffffffb5]Fsc[\n]"
2024-07-29 11:03:33 DEBUG wire:92 - http-outgoing-1 << "E[0xffffffc6][0xffffffb5].sc[\n]"
2024-07-29 11:03:33 DEBUG wire:92 - http-outgoing-1 << "[0xffffffcb]|[0xffffffd7][0xffffffb2]sc[0x11][0xffffffd1][0x17]\;[0xffffff94]k[0xffffffcf][0xffffff86]u[0xffffffed][0xffffffc0]];[0xc]\;[0x2][0xffffffd4][0xffffff99]8[0xf][0xffffffcc][0xffffffb5][0xffffffc3][0xffffffc9][0xffffffb5][0x11]E[0xffffffc6][0xffffffb5][\n]"
2024-07-29 11:03:33 DEBUG wire:92 - http-outgoing-1 << "H[0xffffffc6][0xffffffb5][0x11][0xffffffcb]|[0xffffffd7][0xffffffee]pf[0xffffffbb]vG[0xfffffff4][0x5][0xffffffd7][0xffffffaa][0xffffffb9][0xffffffb1]r[0xffffff9c][0xffffff98]k[0xffffffe9][0xffffffb9][0xffffffb1][0xfffffff7][0x13][0xffffffd0][0xffffffae]%[0xffffffe7][0xffffffc6][0xffffffde][0xffffff9f][0xffffffce][0xffffffb8][0xffffffd6]hnL[0xffffffa1][0xffffffc8][0xffffffb8][0xffffffd6]enLa[0xffffff99][0xffffffef]Zvn,"[0xfffffffa][0xffffff82]k[0xffffffd5][0xffffffdc]Xi7[0xffffffec][0x1d][0x2]=7[0xfffffff6]~[0x2][0xffffffda][0xffffffb5][0xffffffe4][0xffffffdc][0xffffffd8][0xfffffffb][0xffffffd3][0x19][0xffffffd7][0x1a][0xffffffcd][0xffffff8d])[0x14][0x19][0xffffffd7][0xffffffba][0xffffffcc][0xffffff8d]),[0xfffffff3]][0xffffffcb][0xffffffce][0xffffff8d]ED_rm[0xffffffbc][0xffffff87][0xffffffc0][0xffffffba][0xffffff96][0xffffffbe][0xffffff87]0[\r][0xffffffee]![0xffffffcc][0xfffffff0][0xffffff83]o.[0xffffffce][0xffffffd4]=[0xffffff84][0xffffffe9]t[0xf]![0xffffffa2]H[0xffffffb9][0xffffffd6][0xffffffe5][0x1e]B[0xffffffc4][0xffffff92]p-{[0xf]aG[0xfffffff4][0x5][0xffffffd7][0xffffffaa][0x19][0xffffffdd]r[0xffffff9e][0xffffffd8],[0x3]=[0xffffffa3][0xfffffffb]~[0x2][0xffffffda][0xffffffb5][0xffffffe4][0xffffff8c][0xffffffee][0xfffffffb][0xffffffd3][0x19][0xffffffd7][0x1a][0xffffffcd][0xffffffe8]*[0x14][0x19][0xffffffd7][0xffffffba][0xffffffcc][0xffffffe8]*,[0xfffffff3]][0xffffffcb][0xffffffce][0xffffffe8]FD_r[0xffffffad][0xffffffe8]Z[0xffffffd4][0xffffffb5]t[0xffffffd7].[0xffffff83][0xffffffae]]! rq[0xffffffa6][0xffffffba]v9umD[0xffffff91]r[0xffffffad]K[0xffffffd7]F,[0x9][0xffffffd7][0xffffffb2]][0xffffffbb]#[0xfffffffa][0xffffffdb]]{[0xffffffa8]}[0x8]e[0x1d][0x7][0xffffffe4][0xffffffda][0x3][0xffffffdf][0xffffff87]p[0x18][0xffffffec]C8[0xffffffe2][0xffffffe0]y"[0xffffffce][0x7][0xffffffb6][0xf][0xffffffe1][0xffffffd8][0xffffff87][0xffffffcd]I[0xffffffd7][\n]"
2024-07-29 11:03:33 DEBUG wire:92 - http-outgoing-1 << "[0x14][0x11][0xffffffd7]J [0x11][0xffffffd7][\n]"
2024-07-29 11:03:33 DEBUG wire:92 - http-outgoing-1 << ",[0xffffffd3]][0x1b][0xffffffe0]Lvm@[0xfffffff4][0x5][0xffffffd7][0xffffffaa][0x19][0xffffffdd][0xffffffb2]f[0xffffffa1]\[0xffffff8b][0xffffffcf][0xffffffe8][0x1e][0x6]3[0xffffffba]G[0x1c][0xffffff86][0xffffffcc][0xffffffc4][0x19][0xffffff9b][0xffffffd1]=[0xfffffff6][0x1]H[0xffffffd4][0xffffffb5]&3[0xffffffba][0x12]H[0xffffffc6][0xffffffb5][0x6]3[0xffffffba][0x1][0xffffffce]l[0xffffffd7]^[0xffffff9f][0xffffffd1]=[0xffffffd4],C[0xffffffed][0xffffffb7]N[0xffffffb9][0x16][0xffffff9f]e8[0xc]f[0x19][0xffffff8e]xi<[0x13]gl[0xffffff96][0xffffffe1][0xffffffd8]/[0xffffff8a][0xffffffa3][0xffffffae]5[0xffffff99]e[0xffffff90]@2[0xffffffae]5[0xffffff98]e[0x8]pf[0xffffffbb][0xfffffff6][0xfffffffa],[0xffffffc3][0xffffffdb][0xffffffff][0x13]]{N[0xffffffec][0x1d][0xffffffc2][0xffffffc0]];[0xc]\;[0x2][0xffffffd4][0xffffff99]8[0xf][0xffffffcc][0xffffffb5][0xffffffc3][0xffffffc9][0xffffffb5][0x11]E[0xffffffc6][0xffffffb5][\n]"
2024-07-29 11:03:33 DEBUG wire:92 - http-outgoing-1 << "H[0xffffffc6][0xffffffb5][0x11][0xffffffcb]|[0xffffffd7][0xffffffee]pf[0xffffffbb]vG[0xfffffff4][0x5][0xffffffd7][0xffffffaa]Y[0xffffff86]v4[0xffffffec][0x1d][0x2]>[0xffffffcb]p[0x18][0xffffffcc]2[0x1c][0xfffffff1][0xffffffd2]x&[0xffffffce][0xffffffd8],[0xffffffc3][0xffffffb1]_[0x14]G]k2[0xffffffcb] [0xffffff81]d\k0[0xffffffcb][0x10][0xffffffe0][0xffffffcc]v[0xffffffed][0xfffffff5]Y[0xffffff86]C[0xffffffcd]2[0xffffffb4][0xffffffda][0xffffffb0][0xffffffae][0xffffffc5]g[0x19][0xe][0xffffff83]Y[0xffffff86]#^[0x1a][0xffffffcf][0xffffffc4][0x19][0xffffff9b]e8[0xfffffff6][0xffffff8b][0xffffffe2][0xffffffa8]kMf[0x19]$[0xffffff90][0xffffff8c]k[\r]f[0x19][0x2][0xffffff9c][0xffffffd9][0xffffffae][0xffffffbd]>[0xffffffcb]P[0xffffffd4][0xfffffffb][0xffffffda][0xffffffbe][0x1a][0xfffffff4][0x1d][0xffffffdd][0xffffffc7]yX[0xffffffd7][0x16][0xffffff83][0xfffffff7][0xffffffb5]%[0xffffffbe][0x18]K[0xffffffc4][0xffffffb9]`[0xffffffef]k[0xffffffcb][0xfffffffe]2[0xffffff8c]t[0xffffffad]@[0x11]q[0xffffffad][0x4][0x12]q[0xffffffad][0xffffffc0]2[0xffffffdd][0xffffffb5][0x1][0xffffffce]d[0xffffffd7][0x6]D_p[0xffffffad]z[0xffffff87]0n[0xffffffd4][0xffffffb7][0x1d][0x1f][0xffffffe7][0xffffff81]]k[0xfffffff0][0xe][0xffffffa1][0xffffffc4][0x7f]Y[0xffffffcb][0xffffffc4][0x19]{[0xffffff87]P[0xfffffff6][0x7f]AC]k[0xfffffff2][0xe]A[0x2][0xffffffc9][0xffffffb8][0xffffffd6][0xffffffe0][0x1d]B[0xffffff80]3[0xffffffdb][0xffffffb5][0xffffffd7][0xffffffdf]![0x14][0xfffffff5][0xe]a[0x1c][0xffffffd8][0xfffffff7][0xffffffc6][\n]"
2024-07-29 11:03:33 DEBUG wire:106 - http-outgoing-1 << "[0xfffffffe][0xe][0xffffffa1][0x18][0xffffffbc]C([0xfffffff1]_[0xffffffd6]2q[0xffffffc6][0xffffffde]![0xffffff94][0xfffffffd]_[0xffffffd0]P[0xffffffd7][0xffffff9a][0xffffffbc]C[0xffffff90]@2[0xffffffae]5x[0xffffff87][0x10][0xffffffe0][0xffffffcc]v[0xffffffed]O[0xffffffbc]CP3[0xffffffba][0xffffffa3][0xffffff9d][0xffffff8d]r->[0xffffffa3][[0xc]ftK[0x1c][0xffffff86][0xffffffcc][0xffffffc4][0x19][0xffffff9b][0xffffffd1]-[0xfffffffb][0x0]$[0xffffffea]Z"
2024-07-29 11:03:33 DEBUG wire:92 - http-outgoing-1 << "[0xffffff93][0x19]][0x9]$[0xffffffe3]Z[0xffffff83][0x19][0xffffffdd][0x0]g[0xffffffb6]k[0xffffffaf][0xffffffcf][0xffffffe8]V5[0xffffffcb]p[0xffffffb6]N[0xffffffb9][0xffffffb6][0xffffffe2][0xffffffb3][0xc][0xffffffd5]`[0xffffff96][0xffffffa1][0xffffffc6]K[0xffffffe3][0xffffff89]8Wl[0xffffff96][0xffffffa1][0xffffffee][0x17][0xffffffc5]I[0xffffffd7][\n]"
2024-07-29 11:03:33 DEBUG wire:92 - http-outgoing-1 << "[0x14][0x11][0xffffffd7]J [0x11][0xffffffd7][\n]"
2024-07-29 11:03:33 DEBUG wire:92 - http-outgoing-1 << ",[0xffffffd3]][0x1b][0xffffffe0]Lvm@[0xfffffff4][0x5][0xffffffd7][0xffffffaa][0xffffffdf][0xffffffc6]f;[0xffffffa9]w[0x8][0x15][0xffffffff]m[0xffffffac][0x1a][0xfffffffc]6V[0xffffffe3][0xffffff8f][0x10][0xffffff99]8c[0xffffffbf][0xffffff8d][0xffffffd5][0xfffffffd][0xffffff87][0x7][0xffffffd4][0xffffffb5]&[0xffffffbf][0xffffff8d]I [0x19][0xffffffd7][0x1a][0xfffffffc]6[0x16][0xffffffe0][0xffffffcc]v[0xffffffed][0xfffffff5][0xffffffdf][0xffffffc6][0xffffffaa]z[0xffffff87][0xffffffb0]j[0xffffffa5]v*V[0xfffffffc][0x1d]B5x[0xffffff87]P[0xffffffe3][0xffffffbf][0xffffffac]e[0xffffffe2][0xffffff8c][0xffffffbd]C[0xffffffa8][0xfffffffb][0xffffffbf][0xffffffa0][0xffffffa1][0xffffffae]5y[0xffffff87] [0xffffff81]d\k[0xfffffff0][0xe]![0xffffffc0][0xffffff99][0xffffffed][0xffffffda][0xffffffeb][0xffffffef][0x10][0xffffff9a][0xffffffda]=[0xffffffb3]*67[0xffffffd6][0xfffffff0][0xffffffdd]3[0xffffffcd]`[0xfffffff7]L[0xffffff8b]K>[0x12]qn[0xffffffd8][0xffffffee][0xffffff99][0xffffffb6]/[0xfffffff6] ]+PD\+[0xffffff81]D\+[0xffffffb0]Lwm[0xffffff80]3[0xffffffd9][0xffffffb5][0x1][0xffffffd1][0x17]\{([0xffffffd7][0xffffffb6][0xffffff83][0xfffffffa][0x6][0xffffffce][0xffffffdb]y`[0xffffffd7][0x1e][0x6][0xffffffae]=[0x2][0xffffffd4][0xffffff99]8[0x1f][0xffffff98]k[0xf]'[0xffffffd7]F[0x14][0x19][0xffffffd7]* [0x19][0xffffffd7]F,[0xfffffff3]][0xffffffbb][0xffffffc3][0xffffff99][0xffffffed][0xffffffda][0x1d][0xffffffd1][0x17]\[0xffffffab]~[0x1b][[0xffffffbd]R[0xfffffff7]k[0x1b][0xfffffffe][0xffffffdb]X3[0xfffffff8]m[0xffffffac][0xffffffc5][0x1f]!2q[0xffffffc6]~[0x1b]k[0xfffffffb][0xf][0xf][0xffffffa8]kM~[0x1b][0xffffff93]@2[0xffffffae]5[0xfffffff8]m,[0xffffffc0][0xffffff99][0xffffffed][0xffffffda][0xffffffeb][0xffffffbf][0xffffff8d][0xffffffb5][0xffffffaa]\{b[0xfffffffb][0x10][0xffffffde][0xffffffce][0x3][0xffffffbb][0xffffffb6][0x1a][0xffffffb8][0xffffffb6][0x6][0xffffffa8]3q[0xffffffae][0xffffff98]k[0xffffffab][0xffffff93]k#[0xffffff8a][0xffffff8c]k[0x15][0xffffff90][0xffffff8c]k#[0xffffff96][0xfffffff9][0xffffffae][0xffffffdd][0xffffffe1][0xffffffcc]v[0xffffffed][0xffffff8e][0xffffffe8][0xb][0xffffffae]m[0xffffffca][0xffffffb5][0xffffffab]a][0xffffffdb]p[0xffffffd7]6[0x3][0xffffffd7][0xffffffb6][0x0]u&[0xffffffce][\r]smsrmD[0xffffff91]q[0xffffffad][0x2][0xffffff92]qm[0xffffffc4]2[0xffffffdf][0xffffffb5];[0xffffff9c][0xffffffd9][0xffffffae][0xffffffdd][0x11]}[0xffffffc1][0xffffffb5][0xffffffe2][0xffffffce][0xffffffd7][0xffffffb8][0xffffffd5][0xffffff82][0xfffffffd]6[0xffffff86][0xffffffdf][0xfffffff9]j[0x6]w[0xffffffbe]Z[0xffffffbc]\[0xffffff93][0xffffff89]3v[0xffffffe7][0xffffffab][0xffffffed][0x17]jP[0xffffffd7][0xffffff9a][0xffffffdc][0xfffffff9][0xffffff92]@2[0xffffffae]5[0xffffffb8][0xfffffff3][0x15][0xffffffe0][0xffffffcc]v[0xffffffed][0xfffffff5];_[0xfffffff7]?-f[0xffffffae][0xffffff85][0xffffffbf]7[0xfffffff6]8[0x1][0xffffffef]Z[0xfffffff0]{c[0xffffff8f][0xffffffa7]S[0xffffffae][0xfffffff5][0xfffffff9][0xffffffde][0xffffff98]@[0xffffff91]r[0xffffffad][0xffffffc9][0xfffffff7][0xffffffc6][0x4][0xffffff96][0xffffff84]k[0xffffffd1][0xffffffef][0xffffff8d][0x5]D_rm5sm[0xffffffc5]][[\r]\[Q[0xffffffd7]V[0xffffffcc][0xffffffb5][0xffffffd5][0xffffffc9][0xffffffb5];[0xffffff8a][0xffffff94]k#[0xffffff90][0xffffff94]kw,[0x9][0xffffffd7]V[0xffffffd8][0xffffffb5][0xfffffff5][0xffffffba]k[0xffffff9b][0xffffff99]k[0x1b][0xffffffee][0xffffffda]f[0xffffffe0][0xffffffda][0xffffff86][0xffffffba][0xffffffb6]a[0xffffffae]mN[0xffffffae][0xffffffdd]Q[0xffffffa4]\[0x1b][0xffffff81][0xffffffa4]\[0xffffffbb]cI[0xffffffb8][0xffffffb6][0xffffffc1][0xffffffae]m[0xffffffd7]]{[0xffffffb8][0xffffffc9][0xfffffff6][0xffffffe0]m{8[0xffffffe8][0xfffffff6]`}{p[0xffffffc2]=[0xffffffac][0xffffff8c][0x1b]x[0xffffffa4][0xffffff94]+[0xffffffa8][0xffffffa4][0xffffff9c][0x1b][0xffffffd8]$[0xffffffa4]{[0xffffffd0][0xffffffd6]=~B[0xffffffbb][0xffffffd5][0xffffffed][0xffffffdd]m[0xffffffe5]_[0xffffffde]V[0xffffff87][0xffffffb7][0xffffffb7][0xffffff95]}}[[0xffffffb9][0xfffffff7][0xffffffb7][0xffffffd5][0xffffffea][0x5]n[0xffffffe0][0xffffff91][0xffffffd2][0xffffffae][0xffffffa0][0xffffff92][0xffffffd2]n`[0xffffff93][0xffffffd0]n[0xffffffa5]_[0xffffffe2][0xffffffd6][0xffffff9f]x[0xffffff8b][0xffffffdb][0xffffffdc][0xffffffb4][0xffffffdb]x[0xffffffed]6[0x7][0xffffffed]6V[0xffffffbb][0xffffff8d][0xffffffd3]n[0xffffffb3][0xffffffd2]n[0xffffffe0][0xffffff91][0xffffffd2][0xffffffae][0xffffffa0][0xffffff92][0xffffffd2]n`[0xffffff93][0xffffffd0]n[0xffffffa3][0xffffffb5][0xffffffdb]~F[0xffffffbb][0xffffffcb]M[0xffffffbb][0xffffff8b][0xffffffd7][0xffffffee]r[0xffffffd0][0xffffffee]b[0xffffffb5][0xffffffbb]8[0xffffffed].+[0xffffffed][0xffffffee]<b[0xffffffda][0xffffff8d]Tb[0xffffffda][0xffffffdd][0xffffffd9]D[0xffffffb4][0xffffffbb]h[0xffffffed][0xffffffae][0xffffffeb][0xffffffda][0x1d]n[0xffffffb5];[0xfffffff8][0xffffffda][0x1d][0xe][0xffffffb5];[0xffffffd8][0xffffffda][0x1d]\[0xffffffed][0xe][0xffffffab][0xffffffda][\r]<R[0xffffffda][0x15]TR[0xffffffda][\r]l[0x12][0xffffffda][0x1d]t[0xffffffed][0xffffff8e][0xffffff9f][0xffffffa8][0xffffffdd][0xffffffe9][0xffffffa6][0xffffffdd][0xffffffc9]kw:hw[0xffffffb2][0xffffffda][0xffffff9d][0xffffff9c]v[0xffffffa7][0xffffff95]v[0x3][0xffffff8f][0xffffff94]v[0x5][0xffffff95][0xffffff94]v[0x3][0xffffff9b][0xffffff84]v'[0xffffffad][0xffffffdd][0xfffffff9][0x13][0xffffffda]][0xffffffc3]L[0xffffffbb]k[0xffffffe0][0xffffffda][0xffffffbd][0x1f][0xffffff81][0xffffffd7][0xffffffee][0xffffffc7]!([0xffffffed][0xffffffde][0x1f]Oi[0xfffffff7][0xfffffffd][0xffffffd1].[0xffffffda][\r]<R[0xffffffda][0x15]TR[0xffffffda][\r]l[0x12][0xffffffda][0xffffffdd][0x8][0xffffffcd][0xffffffd7][0xffffffee][0xffffffc6][0xffffffe9]o[0xffffffd1][0xffffffee][0xfffffff9][0xfffffffe][0xffffffb7]C[\r][0xfffffffc][0xffffffae][0xffffffd2][0xffffffd2][0xffffffad][0xfffffffb]y[0x1e]J[0xffffffba]_N[0xffffff80]9w;C[0xffffffb2]r[0xffffffbf]<=[0xffffffd9][0xffffffb8][0xffffffbf]~2,[0xffffffdc][0xffffffa7](&[0xfffffffb][0xfffffff6][0x7]@&[0xffffffeb][0xfffffff6])[0xffffff96][0xffffff89][0xffffffb6]}[0x2]g[0xffffff9a]l[0xffffff9f] [0xfffffffa][0xffffff82]k[0xffffffc5][0x7][0xffffffd0][0xffffffc7]q[0x0][0xb][0x1a]?[0xffffffcf][0x3][0xffffffbb][0x16][0xfffffffd][0x0][0xfffffffa]v[0x6][0xffffffc6][0xffffffb5][0xffffffc0][0x7][0xffffffd0][0x7f][0xfffffffd]d[0xf][0xffffffd7][0xffffffe2][0x1f]@[0xffffffff][0x1][0xffffff90][0xffffff8c]k[0xffffffd1][0xf][0xffffffa0]?[0xffffff81]3[0xffffffdb][0xffffffb5];[0xffffffa2]/[0xffffffb8]v[0xffffff8a][0xffffffe5][\n]"
2024-07-29 11:03:33 DEBUG wire:106 - http-outgoing-1 << "G+[0xfffffff9][0x1f][0xffffffd4][0xfffffff9]<[0xf][0xffffffec][0xffffffda]I.W[0xffffffd8][0xffffffce][0xffffffc0][0xffffffb8]v[0xffffffe6]/W[0xfffffff8][0xfffffff5][0xffffff93]=\[0x1b]Qd\[0xffffffab][0xffffff80]d\[0x1b][0xffffffb1][0xffffffcc]w[0xffffffed][0xe]g[0xffffffb6]kwD_p[0xffffffed]R[0xffffffae][0x1d]g[0xfffffffe]G[0x1e]>[0xffffffcf][0x3][0xffffffbb]v[0x19][0xffffffb8]v[0x5][0xffffffa8]3q^[0xffffff98]k[0xffffff97][0xffffff93]k#[0xffffff8a][0xffffff8c]k[0x15][0xffffff90][0xffffff8c]k#[0xffffff96][0xfffffff9][0xffffffae][0xffffffdd][0xffffffe1][0xffffffcc]v[0xffffffed][0xffffff8e][0xffffffe8]owm[0x17][0x1f][0xffffffd4][0x19][0xffffffe5][0xffffffb6][0xfffffff2][0x7f]%[0xfffffffb]<[0xf][0xffffffeb][0xffffffda][0xffffff8e]~Pg;[0x3][0xffffffe2][0xffffffda][0xe]|P[0xffffffe7][0xffffffd7]O[0xffffffb6]p[0xffffffad]@[0x11]q[0xffffffad][0x4][0x12]q[0xffffffad][0xffffffc0]2[0xffffffdd][0xffffffb5][0x1][0xffffffce]d[0xffffffd7][0x6]D_p[0xffffffad][0xfffffff8][0xffffffc8][0xffffffc3]([0xffffffc7][0xffffffa0][0xffffffde][0xffffffd7]v[0xfffffff0]#[0xf]_N@[0xffffffbb][0x16][0xfffffffa][0xffffffc8][0xffffffc3][0xffffff97][0xffffffa7]3[0xffffffae][0xfffffff5][0xfffffff8][0xffffffc8][0xffffffc3]S[0x14][0x19][0xffffffd7][0x1a]|[0xffffffe4][0xffffffe1])[0xffffff96][0xfffffff9][0xffffffae][0xffffffc5]>[0xfffffff2][0xfffffff0][0x4][0xffffffd1][0x17]\+>[0xfffffff2]0J[0xffffffb9]U[0xffffffca][0xffffffb5][0xffffffe0]G[0x1e][0xffffffbe][0xffffff9c][0xffffff80]v-[0xfffffff4][0xffffff91][0xffffff87]/Og\[0xffffffeb][0xfffffff1][0xffffff91][0xffffff87][0xffffffa7](2[0xffffffae]5[0xfffffff8][0xffffffc8][0xffffffc3]S,[0xfffffff3]][0xffffff8b]}[0xffffffe4][0xffffffe1][0x9][0xffffffa2]/[0xffffffb8]V}[0xffffffe4][0xffffffa1][0xffffffd4][0x1b][0xffffffd6][0xffffffb5][0xffffffe0]G[0x1e][0xffffffbe][0xffffff9c][0xffffff80]v-[0xfffffff4][0xffffff91][0xffffff87]/Og\[0xffffffeb][0xfffffff1][0xffffff91][0xffffff87][0xffffffa7](2[0xffffffae]5[0xfffffff8][0xffffffc8][0xffffffc3]S,[0xfffffff3]][0xffffff8b]}[0xffffffe4][0xffffffe1][0x9][0xffffffa2]/[0xffffffb8][0xfffffff6]T[0xffffffae][0xffffff9d][0xffffffa3]S[0xffffffae]=q[0xffffffd7][0xffffff9e][0x6][0xffffffae]=[0x3][0xffffffd4][0xffffff99]8[0xffffff9f][0xffffff98]kO'[0xffffffd7]F[0x14][0x19][0xffffffd7]* [0x19][0xffffffd7]F,[0xfffffff3]][0xffffffbb][0xffffffc3][0xffffff99][0xffffffed][0xffffffda][0x1d][0xffffffd1][0xffffff97]\[0x1b][0xffffffef]![0xffffffb0][0xffffffae][0xffffff85][0xffffffef]!<N[0xffffffc0][0xffffffbb][0x16][0xffffffbc][0xffffff87][0xfffffff0]x:[0xffffffe5]Z[0xffffff9f]{[0x8][0x2]E[0xffffffca][0xffffffb5]&[0xfffffff7][0x10][0x4][0xffffff96][0xffffff84]k[0xffffffd1]{[0x8][0x1][0xffffffd1][0x17]\;E[0xffffffd7][0xffffffd6]rb[0xffffffef]k'[0xffffffde][0xffffffb5][0xffffffd3][0xffffffa0]kg[0x8][0xffffff88]L[0xffffff9c]'[0xffffffd6][0xffffffb5][0xffffffd3][0xffffffa9]k#[0xffffff8a][0xffffff8c]k[0x15][0xffffff90][0xffffff8c]k#[0xffffff96][0xfffffff9][0xffffffae][0xffffffdd][0xffffffe1][0xffffffcc]v[0xffffffed][0xffffff8e][0xffffffe8][0xb][0xffffffae]][0xffffffca][0xffffffb5][0xffffffed],[0xffffff94]k[0x17][0xffffffee][0xffffffda]e[0xffffffe0][0xffffffda][0x15][0xffffffa0][0xffffffce][0xffffffc4]ya[0xffffffae]"
2024-07-29 11:03:33 DEBUG wire:92 - http-outgoing-1 << "]N[0xffffffae][0xffffff8d](2[0xffffffae]U@2[0xffffffae][0xffffff8d]X[0xffffffe6][0xffffffbb]v[0xffffff87]3[0xffffffdb][0xffffffb5];[0xffffffa2][0xffffffbf][0xffffffdd][0xffffffb5][0xffffffe3]&[0xffffffde]![0xffffffd4][0x13][0xffffff9b][0x1b]{;[0xf][0xffffffeb][0xffffffda][0xffffffc7][0x9]`[0xffffffd7]~?[0x3][0xffffffe2][0xffffffda][0xffffffc7][0xffffffd3][0x11][0xffffffd7]~{[0xffffffb2][0xffffff85]k[0x5][0xffffff8a][0xffffff88]k%[0xffffff90][0xffffff88]k[0x5][0xffffff96][0xffffffe9][0xffffffae][\r]p&[0xffffffbb]6 [0xfffffffa][0xffffff82]k[0xffffffd5][0xfffffffd][0xffffffda][0xffffffd6][0xffffffb1][0xffffffae][0x1d][0xfffffff8][0xfffffffd][0xffffffda]ap[0xffffffbf]v[0xffffffc4][0xffffff8b][0xffffff8c][0xffffff99]8c[0xfffffff7]k[0xffffffc7]~y[0x11]u[0xffffffad][0xffffffc9][0xfffffffd]Z[0x9]$[0xffffffe3]Z[0xffffff83][0xfffffffb][0xffffffb5][0x1][0xffffffce]l[0xffffffd7]^[0xffffffbf]_;[0xffffffd4][0xfffffffd][0xffffffda][0xffffffb6][\n]"
2024-07-29 11:03:33 DEBUG wire:92 - http-outgoing-1 << "[0xffffffe6]Z[0xfffffffc]~[0xffffffed]0[0xffffffb8]_;[0xffffffe2]E[0xffffffc6]L[0xffffff9c][0xffffffb1][0xfffffffb][0xffffffb5]c[0xffffffbf][0xffffffbc][0xffffff88][0xffffffba][0xffffffd6][0xffffffe4]~[0xffffffad][0x4][0xffffff92]q[0xffffffad][0xffffffc1][0xfffffffd][0xffffffda][0x0]g[0xffffffb6]k[0xffffffaf][0xffffffdf][0xffffffaf][0x1d][0xffffffea]~m[0xffffffbf][0xffffffd5]A[0xffffffb9][0x16][0xffffffbf]_;[0xc][0xffffffee][0xffffffd7][0xffffff8e]x[0xffffff91]1[0x13]g[0xffffffec]~[0xffffffed][0xffffffd8]//[0xffffffa2][0xffffffae]5[0xffffffb9]_+[0xffffff81]d\kp[0xffffffbf]6[0xffffffc0][0xffffff99][0xffffffed][0xffffffda][0xffffffeb][0xfffffff7]k[0xffffff87][0xffffffda]_[0xffffffdb]o[0xffffff93][0xffffffda][0xffffff87]0[0xfffffff0][0xfffffffd][0xffffffb5][0xffffffc3]`[0x7f][0xffffffed][0xffffff88][0xffffff8b]B3q[0xffffffc6][0xfffffff6][0xffffffd7][0xffffff8e]}9([0xffffffea]Z[0xffffff93][0xfffffffd][0xffffffb5][0x12]H[0xffffffc6][0xffffffb5][0x6][0xfffffffb]k[0x3][0xffffff9c][0xffffffd9][0xffffffae][0xffffffbd][0xffffffbe][0xffffffbf]v[0xffffff9c][0xffffffca][0xffffffb5][0xffffffc7][0xffffff8d][0xffffffda][0xfffffff3][0xfffffff5]v[0x1e][0xffffffd8][0xffffffb5][0xffffffa7][0xffffff81]k[0xffffffcf][0x0]u&[0xffffffce]'[0xffffffe6][0xffffffda][0xffffffd3][0xffffffc9][0xffffffb5][0x11]E[0xffffffc6][0xffffffb5][\n]"
2024-07-29 11:03:33 DEBUG wire:92 - http-outgoing-1 << "H[0xffffffc6][0xffffffb5][0x11][0xffffffcb]|[0xffffffd7][0xffffffee]pf[0xffffffbb]vG[0xfffffff4][0x5][0xffffffd7][0xffffffaa];_[0xffffffbd]t[0xffffffec][0x1d][0x2]~[0xffffffe7]k[0x18][0xffffffdc][0xfffffff9][0x1a][0xfffffff1]rM&[0xffffffce][0xffffffd8][0xffffff9d][0xffffffaf][0xffffffb1]_[0xffffffa8]A]kr[0xffffffe7]K[0x2][0xffffffc9][0xffffffb8][0xffffffd6][0xffffffe0][0xffffffce]W[0xffffff80]3[0xffffffdb][0xffffffb5][0xffffffd7][0xffffffef]|[0xffffff9d]7[0xffffffe5][0xffffffda][0xffffff86][0xffffffed]Cx;[0xf][0xffffffeb][0xffffffda][0xffffffc7][0x9]`[0xffffffd7]~?[0x3][0xffffffe2][0xffffffda][0xffffffc7][0xffffffd3][0x11][0xffffffd7]~{[0xffffffb2][0xffffff85]k[0x5][0xffffff8a][0xffffff88]k%[0xffffff90][0xffffff88]k[0x5][0xffffff96][0xffffffe9][0xffffffae][\r]p&[0xffffffbb]6 [0xfffffffa][0xffffff82]k[0xffffffd5][0xfffffffe][0xffffffda][0xffffffde]+57v[0xffffffe2][0xfffffffb]kO[0xffffff83][0xfffffffd][0xffffffb5]g\[0x14][0xffffff9a][0xffffff89]3[0xffffffb6][0xffffffbf][0xfffffff6][0xffffffdc][0xffffff97][0xffffff83][0xffffffa2][0xffffffae]5[0xffffffd9]_+[0xffffff81]d\k[0xffffffb0][0xffffffbf]6[0xffffffc0][0xffffff99][0xffffffed][0xffffffda][0xffffffeb][0xfffffffb]k[0xffffffcf][0xffffffa2]\{[0xffffffde][0xffffffa8][0xffffffdf][0xffffffc6][0xffffffde][0xffffffce][0x3][0xffffffbb][0xffffffb6][0x18][0xffffffb8][0xffffffb6][0x4][0xffffffa8]3q.[0xffffff98]k[0xffffff8b][0xffffff93]k#[0xffffff8a][0xffffff8c]k[0x15][0xffffff90][0xffffff8c]k#[0xffffff96][0xfffffff9][0xffffffae][0xffffffdd][0xffffffe1][0xffffffcc]v[0xffffffed][0xffffff8e][0xffffffe8][0xb][0xffffffae]U[0xffffffb3][0xc]}[0xe][0xffffffac]k[0xfffffff1]Y[0xffffff86][0xffffffd3]`[0xffffff96][0xffffffe1][0xffffff8c][0xffffff97][0xffffffc6]3q[0xffffffc6]f[0x19][0xffffffce][0xfffffffd][0xffffffa2]8[0xffffffea]Z[0xffffff93]Y[0x6][0x9]$[0xffffffe3]Z[0xffffff83]Y[0xffffff86][0x0]g[0xffffffb6]k[0xffffffaf][0xffffffcf]2[0xffffff9c]j[0xffffff96]a[0xffffff94]v[0xffffffa3]\[0xffffff8b][0xffffffcf]2[0xffffff9c][0x6][0xffffffb3][0xc]g[0xffffffbc]4[0xffffff9e][0xffffff89]36[0xffffffcb]p[0xffffffee][0x17][0xffffffc5]Q[0xffffffd7][0xffffff9a][0xffffffcc]2H [0x19][0xffffffd7][0x1a][0xffffffcc]2[0x4]8[0xffffffb3]]{}[0xffffff96][0xffffffe1]T[0xffffffb3][0xc][0xffffffa3]Nj[0x1f][0xffffffc2][0xffffff89][0xffffffcf]2[0xffffff9c][0x6][0xffffffb3][0xc]g[0xffffffbc]4[0xffffff9e][0xffffff89]36[0xffffffcb]p[0xffffffee][0x17][0xffffffc5]Q[0xffffffd7][0xffffff9a][0xffffffcc]2H [0x19][0xffffffd7][0x1a][0xffffffcc]2[0x4]8[0xffffffb3]]{}[0xffffff96][0xffffffe1]T[0xffffffb3][0xc][0xffffffe3][0xffffffec][0xffffffd4][0xfffffffd][0xffffffda][0x13][0xffffff9f]e8[\r]f[0x19][0xffffffce]xi<[0x13]gl[0xffffff96][0xffffffe1][0xffffffdc]/[0xffffff8a][0xffffffa3][0xffffffae]5[0xffffff99]e[0xffffff90]@2[0xffffffae]5[0xffffff98]e[0x8]pf[0xffffffbb][0xfffffff6][0xfffffffa],[0xffffffc3]y[\n]"
[...]
ffffffde]D[0xffffff95][0xffffffab]V[0xffffff8e][0x12])[0x13]UZ[0xffffffbc][0xb][0xffffff94]p[0xffffffbb][0x12][0xffffffd7][0xffffffdb][0x7f][0x14]%[0xfffffff0]][0xffffff89][0x1e][0xffffffb0]+[0xffffffd1][0xffffffcd][0xffffffe1][0xffffffe7][0xffffffc2][0xffffff80]c[0xffffffbb][0x12]][0xffffff8e]7[0xffffff93][0xffffff94][0x8][0xffffffd9][0xffffff95][0xffffffb0][0xffffff81]d([0x11][0xffffffb0]+![0xffffffe1][0xffffffac][0xffffffa6]D[0xfffffff0][0xffffffae][0xffffff84]+O[0xffffff96][0x12]y[0xffffffbb][0x12][0xffffffae]Z9J[0xffffffa4][0xffffffec]Jh[0xfffffff1].P[0xffffffa2];J[0xffffff9c]'[0xfffffff6]V[0xffffffa2][0xffffffe3][0xffffff94][0xffffffe8][0x1][0xffffff94][0xffffffe8][0xffffff9a][0xfffffff7][0xffffffc2][0xffffff80]w[0xffffff8c][0x12]=[0xffffff89][0x12][0x1a]E[0xffffff86][0x12].[0xffffff90][0xc]%4[0xffffff96][0xfffffff5][0xffffff94][0xffffff98][0xffffffc3]YM[0xffffff89]9[0xffffffa2]I[0xffffff94]0[0xffffffe5][0xffffffc9]R[0xffffffc2]v)K[0x9]S[0xffffffad][0x1c]%[0xffffffa4]i)JH[0xfffffff1].P[0xffffffc2][0xffffffed]J\m;(J[0xffffffe0][0xffffffbb][0x12]=`W[0xffffffa2][0xffffff9b][0xffffffc3][0xffffffcf][0xffffff85][0x1][0xffffffc7]v%[0xffffffba][0x1c]o&)[0x11][0xffffffb2]+a[0x3][0xffffffc9]P"`WB[0xffffffc2]YM[0xffffff89][0xffffffe0]][0x9]W[0xffffff9e],%[0xfffffff2]v%\[0xffffffb5]r[0xffffff94]H[0xffffffd9][0xffffff95][0xffffffd0][0xffffffe2][0xfffffffd]>%[0xffffff86];[0xc]z[0xffffff9f][0xffffff9d][0xffffffa2][0xffffffc4][0xffffffc0][0xf][0xffffff83][0xffffff8e][0xffffff80][0xffffffc3][0xffffffa0][0xffffffc3][0xffffff9c]X[0xffffffaa][0xb][0xfffffff8][0xffffffc0][0xe][0xffffff83][0xe]9[0xffffff93][0x4]R[0xffffffc2]D[0x11][0xffffffa1][0xffffff84][\r]$B[0x9][0x13][0xffffffcb]rJH8[0xffffff8b])![0x11][\r][0xffffffa2][0xffffff84]+O[0xffffff94][0x12][0xffffffbe]KQJ[0xffffffb8]j[0xffffffc5]([0xffffffa1]M[0xb]QB[0xffffff8b]w[0xffffff81][0x12][0xffffffee]0[0xffffffe8][0xffffffdd][0xe][0xffffffea][[0xffffff89][0xffffff81][0x1f][0x6][0x1d][0x1][0xffffff87]A[0xffffff87]9[0xffffffb1]T[0x18]p[0xffffffec]0[0xffffffe8][0xffffff90]3I$%B[0xe][0xffffff83][0xffffffda]@2[0xffffff94][0x8]8[0xc]*[0xffffffe1][0xffffffac][0xffffffa6]D[0xfffffff0]aPW[0xffffff9e],%[0xfffffff2][0xe][0xffffff83][0xffffffba]j[0xffffffe5]([0xffffff91]r[0x18]T[0xffffff8b]w[0xffffff81][0x12][0xffffffa7][0xffffffa1]D[0xffffffdb][0xffffffee][0xffffff8b][0xffffffa2][0xffffffc4][0xffffff89]S[0xffffffe2]t[0xfffffff1]/[0xffffffce][0xfffffffb][0xffffffa9]y/[0xc][0xfffffff8][0xffffff89]Q[0xffffffe2]L[0xffffffa2][0xffffff84]F[0xffffff91][0xffffffa1][0xffffff84][0xb]$C[0x9][0xffffff8d]e=%[0xffffffe6]pVSb[0xffffff8e]h[0x12]%Ly[0xffffffb2][0xffffff94][0xffffffb0]][0xffffffca]R[0xffffffc2]T+G[0x9]iZ[0xffffff8a][0x12]R[0xffffffbc][0xb][0xffffff94]p[0xffffff87]A[0xffffffdb][0xfffffffe][0xffffffc2]([0xffffff81][0x1f][0x6][0x1d][0x1][0xffffff87]A[0xffffff87]9[0xffffffb1]T[0x18]p"
2024-07-29 11:03:33 DEBUG wire:106 - http-outgoing-1 << "[0xffffffec]0[0xffffffe8][0xffffff90]3I$%B[0xe][0xffffff83][0xffffffda]@2[0xffffff94][0x8]8[0xc]*[0xffffffe1][0xffffffac][0xffffffa6]D[0xfffffff0]aPW[0xffffff9e],%[0xfffffff2][0xe][0xffffff83][0xffffffba]j[0xffffffe5]([0xffffff91]r[0x18]T[0xffffff8b]w[0xffffff81][0x12][0xffffffb7][0xffffffa5][0xffffffc4][0xffffff85]Q[0xffffffe2][0xffffffc6])q[0xffffffbb][0xfffffff8][0x17][0xffffffe7][0xfffffffd][0xffffffd6][0xffffffbc][0x17][0x6][0xfffffffc][0xffffffc6](q'QB[0xffffffa3][0xffffffc8]P[0xffffffc2][0x5][0xffffff92][0xffffffa1][0xffffff84][0xffffffc6][0xffffffb2][0xffffff9e][0x12]s8[0xffffffab])1G4[0xffffff89][0x12][0xffffffa6]<YJ[0xffffffd8].e)a[0xffffffaa][0xffffff95][0xffffffa3][0xffffff84]4-E[0x9])[0xffffffde][0x5]J[0xffffffb8]][0xffffff89]v[0xffffffbc][0xffffffa8][0xffffffb5][0xffffffcb][0xffffff81][0xffffffef]J[0xffffff8c][0xffffff80]][0xffffff89]a[0xe]?[0x17][0x6][0x1c][0xffffffdb][0xffffff95][0x18]r[0xffffffbc][0xffffff99][0xffffffa4]D[0xffffffc8][0xffffffae][0xffffff84][\r]$C[0xffffff89][0xffffff80]][0x9][0x9]g5%[0xffffff82]w%\y[0xffffffb2][0xffffff94][0xffffffc8][0xffffffdb][0xffffff95]p[0xffffffd5][0xffffffca]Q"eWB[0xffffff8b]w[0xffffff81][0x12][0xffffffee]0h[0x1b];[0xfffffff6][0xffffffd9]%~[0x18]t[0x4][0x1c][0x6][0x1d][0xffffffe6][0xffffffc4]Ra[0xffffffc0][0xffffffb1][0xffffffc3][0xffffffa0]C[0xffffffce]$[0xffffff91][0xffffff94][0x8]9[0xc]j[0x3][0xffffffc9]P"[0xffffffe0]0[0xffffffa8][0xffffff84][0xffffffb3][0xffffff9a][0x12][0xffffffc1][0xffffff87]A]y[0xffffffb2][0xffffff94][0xffffffc8];[0xc][0xffffffea][0xffffffaa][0xffffff95][0xffffffa3]D[0xffffffca]aP-[0xffffffde]oS[0xffffffe2]~[0xffffffb9]K[0xffffffc6][0xfffffffb]FQ[0xffffffe2][0xffffffe3]yPJ|>[0x1]K[0xffffff89]?[0xffffffcf]@P[0xffffffe2][0xfffffff3][0xffffffd7][0x9]J[0xfffffffc][0xfffffffe][0xffffffe5][0x4]J[0xffffffb8]([0x12][0xffffff94][0xfffffff0][0xffffff81]$([0xffffffe1]bYM[0x9][\r]g-%4[0xffffffa2]9[0xffffff94][0xffffffb0][0xffffffe5]IR[0xffffffe2][0xffffffa1]KIJ[0xffffffd8]j[0xffffffa5](a[0xffffff9a][0xffffff96][0xffffffa1][0xffffff84])[0xffffffde][0x5]J[0xffffffb8]][0xffffff89]~[0xffffff8d]NQ[0xffffff82][0xffffffde][0xffffff95][0xfffffff8]|[0x2][0xffffff9a][0x12][0xffffffe4][0xffffffae][0xffffffc4][0xffffffe7][0xffffffaf]3[0xffffff94][0x8][0xffffffda][0xffffff95]pQd([0xffffff91][0xffffffb2]+[0xffffffe1]bYO[0x9]vWB#[0xffffff9a]D[0xffffff89][0xffffffb0]][0xffffff89][0xffffff87].e)[0x11][0xffffffb4]+a[0xffffff9a][0xffffff96][0xffffffa2][0xffffffc4][0xffffffcf]w%[0xffffffde][0xffffffff][0xffffff8d]=[0xffffff8c][0x12];N[0xffffff89]=[0xffffff80][0x12];J[0xffffff89][0x1d][0xffffffa3][0xffffffc4][0xffffff9e]D[0xffffff89]9[0xffffff8a][0x14]%4[0xffffff90][0x14]%[0xffffffe6]X[0x12][0xffffff94][0xffffffd8]aJ[0xffffffec][0xffffffc1][0xffffff94][0xffffff90][0xfffffff2][0xffffffa4])a[0xffffffba][0xffffff94][0xffffffa6][0xffffff84]T+I[0xffffff89]=[0xffffff85][0x12][0xfffffffb][0xffffff8f])[0xffffffe1]&[0xffffffaa]z[0xffffffdf]O[0xffffff8a][0x12][0xfffffff4]D[0xffffffd5][0xffffffe7][0x13][0xffffffd0][0xffffff94] '[0xffffffaa]>[0x7f][0xffffff9d][0xffffffa1]D[0xffffffd0]D[0xffffff95][0xffffff8b]"C[0xffffff89][0xffffff94][0xffffff89]*[0x17][0xffffffcb]zJ[0xffffffb0][0x13]U[0x1a][0xffffffd1]$J[0xffffff84]MT=t)K[0xffffff89][0xffffffa0][0xffffff89]*[0xffffffd3][0xffffffb4][0x14]%~>Q[0xfffffff5][0xfffffffe]o[0xffffff98][0xffffffb7][0x12](%[0xffffffe8][0xffffffb7][0x12]{[0xffffffc0][[0xffffff89]][0xffffffe9]\[0x1a]p[0xffffffea][0xffffffad][0xffffffc4][0xffffff9e][0xfffffff4]VB[0xffffffa3]HQ"[0xffffffe5][0xffffffad][0xffffff84][0xffffffc6][0xffffff92][0xffffffa0][0x4][0xfffffffb]Vb[0xffffff8e]h[0x16]%[0xffffffc2][0xffffffde]J[0xffffffd8].[0xffffffa5])[0x11][0xfffffff4]VB[0xffffff9a][0xffffff96][0xffffffa3][0xffffffc4][0xffffffcf][0xffffffdf]J[0x1c][0xffffffe6][0xffffffad][0xffffffc4][0xffffffd8][0xffffffdb][0xffffff8b][0xffffffa2][0xffffffc4][0xffffff81][0xffffffbf][0xffffff95]8[0x2][0xffffffde]J[0x1c]J[0xffffffe7][0xffffffc2][0xffffff80][0x1f][0xffffffd8][[0xffffff89]#[0xffffffe9][0xffffffad][0xffffff84]F[0xffffff91][0xffffffa1][0xffffff84][0xb]$C[0x9][0xffffff8d]e=%[0xffffffe6]pVSb[0xffffff8e]h[0x12]%Ly[0xffffffb2][0xffffff94][0xffffffb0]][0xffffffca]R[0xffffffc2]T+G[0x9]iZ[0xffffff8a][0x12]R[0xffffffbc][0xb][0xffffff94]p[0xffffffc3][0xffffffd9][0xffffffe3][0xffffffbc]7[0xffffff8a][0x12][0xfffffff4]p[0xfffffff6][0xffffffe7][0x13][0xffffffd0][0xffffff94] [0xffffff87][0xffffffb3]?[0x7f][0xffffff9d][0xffffffa1]D[0xffffffd0]p[0xffffffb6][0xffffff8b]"C[0xffffff89][0xffffff94][0xffffffe1]l[0x17][0xffffffcb]zJ[0xffffffb0][0xffffffc3][0xffffffd9][0x1a][0xffffffd1]$J[0xffffff84][\r]g?t)K[0xffffff89][0xffffffa0][0xffffffe1]l[0xffffffd3][0xffffffb4][0x14]%~>[0xffffff9c]}[0xffffffbf][0xffffffdc]p[0xfffffff6][0xffffffb8][0x7][0xffffffb4]v[0xfffffff9][0xfffffff1]<0%[0xfffffff8][0xffffffe1][0xffffffec]?[0xffffffcf][0xffffffc0]P[0xffffff82][0x1a][0xffffffce][0xfffffffe][0xfffffffd][0xffffffcb][0x19][0xffffff94][0xffffffc8][0x18][0xffffffce][0xfffffff6][0xffffff81]d([0xffffffc1][0xf]gk8[0xffffffab])[0xffffff91];[0xffffff9c]m[0xffffffcb][0xffffff93][0xffffffa5]D[0xffffffdc]p[0xffffffb6][0xffffffad]V[0xffffff8e][0x12]![0xffffffc3][0xffffffd9][0xffffffa6]x[0xffffff97]([0xffffffa1][0xffffffdf]J[0xffffffb0][0xffffff94][0xffffffa0][0xffffffbf][0xffffff95][0xffffffb8][0x2][0xffffffbe][0xffffff95][0xffffffb8][0xfffffff4][0xf]z[0xffffffa5][0x1][0xffffffa7][0xffffffbe][0xffffff95][0xffffffb8][0xffffff92][0xffffffbe][0xffffff95][0xffffffd0](R[0xffffff94]H[0xfffffff9]VBcIP[0xffffff82][0xfffffffd]Vb[0xffffff8e]h[0x16]%[0xffffffc2][0xffffffbe][0xffffff95][0xffffffb0]]JS"[0xffffffe8][[0x9]iZ[0xffffff8e][0x12]?[0xffffffff]V[0xffffffc2][0xffffffdc][0xffffffc1]q[0xffffffbc]vj8[0xfffffffb][0xffffffe3]y`J[0xfffffff0]wp[0xfffffffc]y[0x6][0xffffff86][0x12][0xffffffd4][0x1d][0x1c][0xffffffbf][0x7f]9[0xffffff83][0x12][0x19]wp[0xfffffff8]@2[0xffffff94][0xffffffe0][0xffffffef][0xffffffe0][0xffffffd0]pVS"[0xfffffff7][0xe][0xe][[0xffffff9e],%[0xffffffe2][0xffffffee][0xffffffe0][0xffffffb0][0xffffffd5][0xffffffca]Q"[0xffffffe4][0xe][0xe]S[0xffffffbc][0xb][0xffffff94]0wp[0x1c][0xffffffaf][0xffffffab][0xffffff9f][0x14]%[0xffffffe8];8>[0xffffff9f][0xffffff80][0xffffffa6][0x4]y[0x7][0xffffffc7][0xffffffe7][0xffffffaf]3[0xffffff94][0x8][0xffffffba][0xffffff83][0xffffffc3]E[0xffffff91][0xffffffa1]D[0xffffffca][0x1d][0x1c].[0xffffff96][0xfffffff5][0xffffff94]`[0xffffffef][0xffffffe0][0xffffffd0][0xffffff88]&Q"[0xffffffec][0xe][0xffffff8e][0xffffff87].e)[0x11]t[0x7][0xffffff87]iZ[0xffffff8a][0x12]?[0xffffffbf][0xffffff83][0xffffffe3]~uG[0xffffff89][0xfffffff6][0x1a][0x14]%:N[0xffffff89][0x1e]@[0xffffff89][0xffffffae]y/[0xc]x[0xffffffc7]([0xffffffd1][0xffffff93]([0xffffffa1]Qd([0xffffffe1][0x2][0xffffffc9]PBcYO[0xffffff89]9[0xffffff9c][0xffffffd5][0xffffff94][0xffffff98]#[0xffffff9a]D[0x9]S[0xffffff9e],%l[0xffffff97][0xffffffb2][0xffffff94]0[0xffffffd5][0xffffffca]QB[0xffffff9a][0xffffff96][0xffffffa2][0xffffff84][0x14][0xffffffef][0x2]%[0xffffffcc]u^o[0xffffff94][0xffffffb8][0x1a]E[0x9][0xfffffffa]:[0xffffffaf][0xffffffcf]'[0xffffffa0])A^[0xffffffe7][0xfffffff5][0xfffffff9][0xffffffeb][0xc]%[0xffffff82][0xffffffae][0xfffffff3]rQd([0xffffff91]r[0xffffff9d][0xffffff97][0xffffff8b]e=%[0xffffffd8][0xffffffeb][0xffffffbc]4[0xffffffa2]I[0xffffff94][0x8][0xffffffbb][0xffffffce][0xffffffeb][0xffffffa1]KYJ[0x4]][0xffffffe7]e[0xffffff9a][0xffffff96][0xffffffa2][0xffffffc4][0x7f]p[0xffffff9d][0xffffffd7]f[0xffffffae][0xfffffff3]:^[0xfffffffd]u@[0xffffff94][0xffffffd8][0xfffffff0][0xffffffeb][0xffffffbc][0xffffffb6][0xffffff80][0xffffffeb][0xffffffbc]6s[0xffffffe7]L][0xffffffc0]7[0xffffffec]:[0xffffffaf]Mn[0xffffff95][0x1])a[0xffffffa2][0xffffff88]P[0xffffffc2][0x6][0x12][0xffffffa1][0xffffff84][0xffffff89]e9%$[0xffffff9c][0xffffffc5][0xffffff94][0xffffff90][0xffffff88][0x6]Q[0xffffffc2][0xffffff95]'J[0x9][0xffffffdf][0xffffffa5](%\[0xffffffb5]b[0xffffff94][0xffffffd0][0xffffffa6][0xffffff85]([0xffffffa1][0xffffffc5][0xffffffbb]@[0x9]s[0xffffff9d][0xffffffd7][0x1b]%nj[0xffffffa2]j[0xffffffc3][0xffffffaf][0xfffffff3][0xffffffda][0x2][0xffffffae][0xfffffff3][0xffffffda][0xffffffcc][0xffffff9d]3[0xffffff85][0x1][0xffffffc7][0xffffffae][0xfffffff3][0xffffffda][0xffffffe4]V[0x19][0xffffff92][0x12]![0xffffffd7]y[0xffffffd9]@2[0xffffff94][0x8][0xffffffb8][0xffffffce]K[0xffffffc2]YM[0xffffff89][0xffffffe0][0xffffffeb][0xffffffbc]\y[0xffffffb2][0xffffff94][0xffffffc8][0xffffffbb][0xffffffce][0xffffffcb]U+G[0xffffff89][0xffffff94][0xffffffeb][0xffffffbc][0xffffffb4]x[0x17](a[0xffffffee][0xffffffe0]8[0xffffffb6][0xffffffd7][0xffffff8b][0xfffffffa][0x3][0xffffffc7][0xffffff86][0xffffffdf][0xffffffc1][0xffffffb1][0x5][0xffffffdc][0xffffffc1][0xffffffb1][0xffffff99][0xffffffa1][0xfffffff8][0xffffffc2][0xffffff80]cwpl2[0x5]OR"[0xffffffe4][0xe][0xe][0x1b]H[0xffffff86][0x12][0x1]wpH8[0xffffffab])[0x11]|[0x7][0xffffff87]+O[0xffffff96][0x12]ywp[0xffffffb8]j[0xffffffe5]([0xffffff91]r[0x7][0xffffff87][0x16][0xffffffef][0x2]%[0xffffffcc]p[0xfffffff6][0xffffffb1][0xffffff9d][0xffffff9d][0xffffffba][0x19]t[0xffffffc3][0xffffff87][0xffffffb3][0xffffffb7][0xffffff80][0xffffffe1][0xffffffec][0xffffffcd][0xffffffac][0xffffffbb][0x16][0x6][0x1c][0x1b][0xffffffce][0xffffffde]d[0xffffffbf][0xffffff95][0xffffffa4]D[0xffffffc8]p[0xffffffb6][\r]$C[0xffffff89][0xffffff80][0xffffffe1]l[0x9]g5%[0xffffff82][0xffffff87][0xffffffb3]]y[0xffffffb2][0xffffff94][0xffffffc8][0x1b][0xffffffce]v[0xffffffd5][0xffffffca]Q"e8[[0xffffff8b]w[0xffffff89][0x12]W[0x18]%.[0xffffff9c][0x12]W[0x0]%.[0xffffff94][0x12][0x17]"
2024-07-29 11:03:33 DEBUG wire:92 - http-outgoing-1 << "F[0xffffff89]+[0xffffff89][0x12]s[0x14])Jh )J[0xffffffcc][0xffffffb1]$(q[0xffffffc1][0xffffff94][0xffffffb8][0xffffff82])![0xffffffe5]IS[0xffffffc2]t)M[0x9][0xffffffa9]V[0xffffff92][0x12]W[\n]"
2024-07-29 11:03:33 DEBUG wire:92 - http-outgoing-1 << "%[0xffffffae]uJ[0xffffff8c][0xffffffcf][0x7f][0xffffffc3][0xffffffdc][0xffffffc1]q[0xffffffec]/[0xffffffe0]0[0xffffffe8][0xffffff9f][0xffffffe7][0xffffffa1]([0xfffffff1][0xffffffe5][0x9]0JL[0xffffffcf]PL[0xffffff89]/[0xffffffbf]^L[0xffffff89][0x7f][0xffffffff]2L[0xffffff89][0xffffffc7]([0x16]S[0xffffffe2]/[0xffffff81],[0xffffffa6][0xffffffc4]c,[0xb])[0xfffffff1][0x10][0xffffffce]2J<D4[0xffffff82][0x12][0xffffffcf][0xffffffe5][0x9]Q[0xffffffe2]o][\n]"
2024-07-29 11:03:33 DEBUG wire:92 - http-outgoing-1 << "Q[0xffffffe2][0xffffffb9]Z[0x1]J<5m9%[0xffffff9e][0xffffff8a]w[0xffffff89][0x12]G[0x18]%[0xe][0xffffff9c][0x12]G[0x0]%[0xe][0xffffff94][0x12][0x7]F[0xffffff89]#[0xffffff89][0x12]s[0x14])Jh )J[0xffffffcc][0xffffffb1]$(q[0xffffffc0][0xffffff94]8[0xffffff82])![0xffffffe5]IS[0xffffffc2]t)M[0x9][0xffffffa9]V[0xffffff92][0x12]G[\n]"
2024-07-29 11:03:33 DEBUG wire:106 - http-outgoing-1 << "%[0xffffff8e][0x1f]S[0xffffffc2]\[0xffffffe7]u[0xffffffec][0xfffffffb][0xffffffa8][0x1f][0xffffffce][0xfffffffe][0xfffffff3]<0%[0xffffffd0][0xffffffeb][0xffffffbc][0xffffffa6]g`([0x1]\[0xffffffe7][0xfffffff5][0xffffffef]_[0xffffffce][0xffffffa0][0x4]~[0xffffff9d][0xffffffd7]_[0x2][0xffffffc9]P[0x2][0xffffffbd][0xffffffce][0xffffffeb]![0xffffff9c][0xffffffd5][0xffffff94][0xffffff88][0xffffffbc][0xffffffce][0xffffffeb][0xffffffb9]<YJ$][0xffffffe7][0xfffffff5]\[0xffffffad][0x1c]%[0xfffffff8][0xffffffeb][0xffffffbc][0xffffff9e][0xffffff8a]w[0xffffff81][0x12][0xffffffee][0xe][0xffffff8e][0xffffffbd]m[0xfffffff5][0xffffffbb][0x12][0x7f][0xffffff9e][0x7][0xffffffa6][0x4]z[0x7][0xffffffc7][0xfffffff4][0xc][0xc]%[0xffffff80];8[0xfffffffe][0xfffffffd][0xffffffcb][0x19][0xffffff94][0xffffffc0][0xffffffef][0xffffffe0][0xfffffff8]K [0x19]J[0xffffffa0]wp<[0xffffff84][0xffffffb3][0xffffff9a][0x12][0xffffff91]wp<[0xffffff97]'K[0xffffff89][0xffffffa4];8[0xffffff9e][0xffffffab][0xffffff95][0xffffffa3][0x4][0x7f][0x7][0xffffffc7]S[0xfffffff1].P[0xffffffc2][0xffffffdd][0xffffffc1][0xffffffb1][0xf][0xffffff8e][0x12][0xffffffe0][0x1d][0x1c]_[0xffffff9e][0xffffff80][0xffffffa6][0x4]t[0x7][0xffffffc7][0xffffff97]_g([0xffffff91]q[0x7][0xffffffc7]c[0x14][0x19]J[0x4][0xffffffdc][0xffffffc1][0xfffffff1][0x18][0xffffffcb]zJ`wp<D4[0xffffff89][0x12]9wp[0xfffffffc][0xffffffad]KYJd[0xffffffdc][0xffffffc1][0xfffffff1][0xffffffd4][0xffffffb4][0x14]%~t[0x7][0xffffffc7][0xffffffaf][0x7f][0xffffffa3][0x1b]J[0xffffffbc]a[0xffffffa2][0xfffffffe][0x4][0xffffffc7][0xffffff9f][0xffffffe7][0xffffff81])[0xffffffd1][0x3]([0xffffffd1]5[0xffffffef][0xffffff85][0x1][0xffffffef][0x18]%z[0x12]%4[0xffffff8a][0xc]%\ [0x19]Jh,[0xffffffeb])1[0xffffff87][0xffffffb3][0xffffff9a][0x12]sD[0xffffff93](a[0xffffffca][0xffffff93][0xffffffa5][0xffffff84][0xffffffed]R[0xffffff96][0x12][0xffffffa6]Z9JH[0xffffffd3]R[0xffffff94][0xffffff90][0xffffffe2]][0xffffffa0][0xffffffc4]p[0xffffff94][0xffffffb8]8J[0xc][0xffffff9c][0x12]#[0xffffff80][0x12]C[0xfffffff3]^[0x18][0xfffffff0][0xffffff81]Qb$QB[0xffffffa3][0xffffffc8]P[0xffffffc2][0x5][0xffffff92][0xffffffa1][0xffffff84][0xffffffc6][0xffffffb2][0xffffff9e][0x12]s8[0xffffffab])1G4[0xffffff89][0x12][0xffffffa6]<YJ[0xffffffd8].e)a[0xffffffaa][0xffffff95][0xffffffa3][0xffffff84]4-E[0x9])[0xffffffde][0xffffffef]Sbwwp[0x1c][0xffffffc4]p[0xfffffff6][0xffffff9f][0xffffffe7]a)[0xffffffb1][0xffffffa3]wpL[0xffffffcf][0xffffff80]Pb[0x7][0xffffffee][0xffffffe0][0xfffffff8][0xfffffff7]/GP[0xffffffc2]D[0x11][0xffffffa1][0xffffff84][\r]$B[0x9][0x13][0xffffffcb]rJH8[0xffffff8b])![0x11][\r][0xffffffa2][0xffffff84]+O[0xffffff94][0x12][0xffffffbe]KQJ[0xffffffb8]j[0xffffffc5]([0xffffffa1]M[0xb]QB[0xffffff8b]w[0xffffff81][0x12]n8[0xfffffffb][0x18]m[0xffffffa3]([0x1][0xe]g[0x7f]y[0x2][0xffffff9a][0x12][0xffffffd0]p[0xfffffff6][0xffffff97]_g([0xffffff91]1[0xffffff9c][0xfffffffd][0x18]E[0xffffff86][0x12][0x1][0xffffffc3][0xffffffd9][0xffffff8f][0xffffffb1][0xffffffac][0xffffffa7][0x4]6[0xffffff9c][0xfffffffd][0x10][0xffffffd1]$J[0xffffffe4][0xc]g[0xffffffff][0xffffffad]KYJd[0xc]g?5-E[0xffffff89][0x1f][\r]g[0xffffffff][0xfffffffa]7[0xffffffdc]p[0xfffffff6]1[0xffffffc6]EQ[0x2][0x1c][0xffffffce][0xfffffffe][0xfffffff2][0x4]4%[0xffffffa0][0xffffffe1][0xffffffec]/[0xffffffbf][0xffffffce]P"c8[0xfffffffb]1[0xffffff8a][0xc]%[0x2][0xffffff86][0xffffffb3][0x1f]cYO[0x9]l8[0xfffffffb]![0xffffffa2]I[0xffffff94][0xffffffc8][0x19][0xffffffce][0xfffffffe][[0xffffff97][0xffffffb2][0xffffff94][0xffffffc8][0x18][0xffffffce]~jZ[0xffffff8a][0x12][0xffffffdf][0x1b][0xffffffce][0xfffffffe][0xffffffdf][0xffffffff][0xfffffffb][0x7f][0xffffffff][0x1f][0xffffff83][0xffffff91][0xffffff8a][0xffffff92]Q[0xffffffcd][0x17][0x0]"
2024-07-29 11:03:33 DEBUG InternalHttpClient:256 - ep-0000000002 releasing valid endpoint
2024-07-29 11:03:33 DEBUG PoolingHttpClientConnectionManager:389 - ep-0000000002 releasing endpoint
2024-07-29 11:03:33 DEBUG PoolingHttpClientConnectionManager:408 - ep-0000000002 connection http-outgoing-1 can be kept alive for 3 MINUTES
2024-07-29 11:03:33 DEBUG PoolingHttpClientConnectionManager:421 - ep-0000000002 connection released [route: {s}->https://googlechromelabs.github.io:443][total available: 2; route allocated: 1 of 5; total allocated: 2 of 25]
2024-07-29 11:03:33 INFO  WebDriverManager:1220 - Using chromedriver 127.0.6533.72 (resolved driver for Chrome 127)
2024-07-29 11:03:33 DEBUG ResolutionCache:119 - Storing resolution chrome=127 in cache (valid until 12:03:33 29/07/2024 IST)
2024-07-29 11:03:33 DEBUG ResolutionCache:119 - Storing resolution chrome127=127.0.6533.72 in cache (valid until 11:03:33 30/07/2024 IST)
2024-07-29 11:03:33 DEBUG WebDriverManager:1179 - Driver chromedriver 127.0.6533.72 found in cache
2024-07-29 11:03:33 INFO  WebDriverManager:1282 - Exporting webdriver.chrome.driver as C:\Users\shann\.cache\selenium\chromedriver\win64\127.0.6533.72\chromedriver.exe
2024-07-29 11:03:35 INFO  Reusables:26 - openBrowser method executed
  Given User launches browser "browser"                             # com.example.stepDefinations.stepDefination.user_launches_browser(java.lang.String)
2024-07-29 11:03:35 INFO  Reusables:75 - navigateToURL method called
2024-07-29 11:03:38 INFO  Reusables:77 - navigateToURL method executed
  When User enters "TestURL" into the browser and lands on the page # com.example.stepDefinations.stepDefination.user_enters_into_the_browser_and_lands_on_the_page(java.lang.String)
2024-07-29 11:03:38 INFO  Reusables:48 - visibleWaitCondition method called
2024-07-29 11:03:38 INFO  Reusables:51 - visibleWaitCondition method executed
2024-07-29 11:03:38 INFO  Reusables:48 - visibleWaitCondition method called
2024-07-29 11:03:38 INFO  Reusables:51 - visibleWaitCondition method executed
  Then User check for the home and books field                      # com.example.stepDefinations.stepDefination.user_check_for_the_username_and_password_field()
2024-07-29 11:03:39 INFO  Reusables:33 - Scenario Name --> Testcase 1
]]></system-out>
    <system-err><![CDATA[Jul 29, 2024 11:03:35 AM org.openqa.selenium.devtools.CdpVersionFinder findNearestMatch
WARNING: Unable to find an exact match for CDP version 127, returning the closest version; found: 126; Please update to a Selenium version that supports CDP version 127
]]></system-err>
  </testcase>
</testsuite>