<?xml version="1.0" encoding="UTF-8"?>
<testng-results ignored="0" total="1" passed="1" failed="0" skipped="0">
  <reporter-output>
  </reporter-output>
  <suite started-at="2024-07-29T11:03:30 IST" name="Surefire suite" finished-at="2024-07-29T11:03:40 IST" duration-ms="10444">
    <groups>
      <group name="cucumber">
        <method signature="AbstractTestNGCucumberTests.runScenario(io.cucumber.testng.PickleWrapper,io.cucumber.testng.FeatureWrapper)[pri:0, instance:com.example.runner.testNGtestRunner@79d94571]" name="runScenario" class="io.cucumber.testng.AbstractTestNGCucumberTests"/>
      </group> <!-- cucumber -->
    </groups>
    <test started-at="2024-07-29T11:03:30 IST" name="Surefire test" finished-at="2024-07-29T11:03:40 IST" duration-ms="10444">
      <class name="com.example.runner.testNGtestRunner">
        <test-method is-config="true" signature="setUpClass(org.testng.ITestContext)[pri:0, instance:com.example.runner.testNGtestRunner@79d94571]" started-at="2024-07-29T11:03:30 IST" name="setUpClass" finished-at="2024-07-29T11:03:31 IST" duration-ms="1117" status="PASS">
          <params>
            <param index="0">
              <value>
                <![CDATA[org.testng.TestRunner@83b0d0f]]>
              </value>
            </param>
          </params>
          <reporter-output>
          </reporter-output>
        </test-method> <!-- setUpClass -->
        <test-method signature="runScenario(io.cucumber.testng.PickleWrapper,io.cucumber.testng.FeatureWrapper)[pri:0, instance:com.example.runner.testNGtestRunner@79d94571]" started-at="2024-07-29T11:03:31 IST" name="runScenario" description="Runs Cucumber Scenarios" data-provider="scenarios" finished-at="2024-07-29T11:03:39 IST" duration-ms="8331" status="PASS">
          <params>
            <param index="0">
              <value>
                <![CDATA["Testcase 1"]]>
              </value>
            </param>
            <param index="1">
              <value>
                <![CDATA["To test my DBB framework"]]>
              </value>
            </param>
          </params>
          <reporter-output>
          </reporter-output>
        </test-method> <!-- runScenario -->
        <test-method is-config="true" signature="tearDownClass()[pri:0, instance:com.example.runner.testNGtestRunner@79d94571]" started-at="2024-07-29T11:03:39 IST" name="tearDownClass" finished-at="2024-07-29T11:03:40 IST" duration-ms="926" status="PASS">
          <reporter-output>
          </reporter-output>
        </test-method> <!-- tearDownClass -->
      </class> <!-- com.example.runner.testNGtestRunner -->
    </test> <!-- Surefire test -->
  </suite> <!-- Surefire suite -->
</testng-results>
